# name/game/hands/seed matchName holdem.limit.2p.reverse_blinds.game 1000 0
#--t_response 600000
#--t_hand 600000
#--t_per_hand 7000
STATE:0:f:5d5c|9hQd:5|-5:Alice|Bob
STATE:1:cc/crc/crc/cc:6sKs|5dJd/2sTh2h/Qh/8h:40|-40:Bob|Alice
STATE:2:rc/rc/cc/rrc:Ah8s|2h4c/Qd7h6c/4s/Jc:-70|70:Alice|Bob
STATE:3:cc/crc/rrrrc/rrc:4s8s|6hJd/QhJs9d/Qc/9h:-140|140:Bob|Alice
STATE:4:rrc/cc/cc/rc:5s4c|Kc7d/KsAsJd/Th/7h:-50|50:Alice|Bob
STATE:5:rrrc/cc/crrf:KhTh|8s7d/9c8d5c/Qd:60|-60:Bob|Alice
STATE:6:cc/rc/crrc/rc:Kc8h|5cAs/9dAh4d/7h/Qs:-80|80:Alice|Bob
STATE:7:rc/rrrf:Ah6c|2c3d/5d6hTc:40|-40:Bob|Alice
STATE:8:rc/rrc/rc/cc:2hAd|Js7c/4d3s3c/Jh/7d:-60|60:Alice|Bob
STATE:9:rc/rrc/rc/rc:Qd5h|9h2d/AsKs3h/Th/8c:80|-80:Bob|Alice
STATE:10:rrrc/crrc/crrc/rf:KcAd|Jd5c/6s7c4h/Ks/Kh:100|-100:Alice|Bob
STATE:11:cc/cc/rrrc/rrc:9dTc|9s4h/3h7c2h/9h/Ts:110|-110:Bob|Alice
STATE:12:crc/rc/rc/crc:3hTs|AdQd/9d7h4h/Kd/As:-70|70:Alice|Bob
STATE:13:cc/crc/cc/rc:8h9s|3d2s/7hJcKc/2d/2c:-40|40:Bob|Alice
STATE:14:cc/rc/cc/rc:2d3s|6sQh/5d8h4d/Qs/2c:-40|40:Alice|Bob
STATE:15:rrc/rc/rrrrc/rc:3c4c|Th7s/5d6c8s/6h/3d:140|-140:Bob|Alice
STATE:16:crrrf:3c8d|Ks6c:30|-30:Alice|Bob
STATE:17:cc/rrc/rrc/crc:Kc7c|2s7d/As3h6s/Qc/7s:90|-90:Bob|Alice
STATE:18:rc/rrrc/cc/rc:AsJh|8d2c/7dAh5c/3s/3c:70|-70:Alice|Bob
STATE:19:rc/crrrrc/rc/cc:2h6d|7dKc/5sAs6h/6s/Jd:80|-80:Bob|Alice
STATE:20:crrc/rrrrc/crc/crrrc:5cAs|2s7h/KsQcTh/Qd/Qh:150|-150:Alice|Bob
STATE:21:f:9sTs|7d4h:5|-5:Bob|Alice
STATE:22:cc/cc/cc/crc:5sJh|8dTh/5c2d5d/Tc/Ad:30|-30:Alice|Bob
STATE:23:f:6c7s|AcTh:5|-5:Bob|Alice
STATE:24:cc/cc/crrrc/rrc:9d3h|Qh6s/6hQc7d/2c/4s:-110|110:Alice|Bob
STATE:25:crc/cc/cc/cc:2s3d|7dTs/Ad4hJh/9c/6c:-20|20:Bob|Alice
STATE:26:crf:5dJs|9h4h:10|-10:Alice|Bob
STATE:27:rrrc/rc/cc/rrc:2d2s|8s4d/TcAd5d/2c/3h:-90|90:Bob|Alice
STATE:28:rc/rf:AdTd|Qd2c/2d7d6c:20|-20:Alice|Bob
STATE:29:cc/cc/crrrc/crf:8s2d|8h9d/7h5c7s/7c/Jc:-70|70:Bob|Alice
STATE:30:cc/rrrc/cc/cc:3c2s|4sTs/4hQc3h/3d/Qd:40|-40:Alice|Bob
STATE:31:f:Jd9c|6s8s:5|-5:Bob|Alice
STATE:32:cc/rc/cc/rrc:QsKd|7c7d/2c2d6c/6h/Jd:-60|60:Alice|Bob
STATE:33:crf:Th5d|Qs8h:10|-10:Bob|Alice
STATE:34:cc/cc/rc/rrf:7hAc|AdAs/Jh3s5d/Kh/7c:-50|50:Alice|Bob
STATE:35:rrrc/cc/rrc/rrrrc:AsAh|2dQs/4s7dTs/Kd/5s:160|-160:Bob|Alice
STATE:36:rrc/rrrrc/crrc/rc:AhQc|8c5c/4dAs4h/4s/6d:130|-130:Alice|Bob
STATE:37:cc/rrrrc/rrc/crf:KcQd|8sJc/9hJh9d/Qs/Kd:-90|90:Bob|Alice
STATE:38:rc/rc/rc/cc:Ad6s|Qh8h/6cJc7c/8c/8s:-50|50:Alice|Bob
STATE:39:rrc/rrrrc/rrc/crrrc:9sTc|6cAs/3d6s2d/Ac/Jc:-170|170:Bob|Alice
STATE:40:rrrf:5d6s|8hKc:-30|30:Alice|Bob
STATE:41:cc/rc/rrrrc/rc:4d6d|9s6s/7dJd5c/Ad/Ks:120|-120:Bob|Alice
STATE:42:rrrc/rc/rrc/crf:ThQh|Kc8s/2d3h9s/4s/2c:-90|90:Alice|Bob
STATE:43:crc/rrc/crc/rrc:7s8h|9h4c/Ts9s6d/4d/5c:100|-100:Bob|Alice
STATE:44:crf:9c6h|3dJh:10|-10:Alice|Bob
STATE:45:crrc/rrc/rrrc/crrc:5c3s|7c8h/9sKh8s/2d/4c:-150|150:Bob|Alice
STATE:46:crc/cc/cc/crc:8hJd|5cQh/6s3d9h/3c/Js:40|-40:Alice|Bob
STATE:47:rrc/crc/rc/cc:Qc2s|JsAh/9d8s2h/6s/Jh:-60|60:Bob|Alice
STATE:48:crrc/crf:5cJc|Jd4c/3hAc4d:-30|30:Alice|Bob
STATE:49:rc/crrrc/cc/crc:QhTd|Js3c/9cQc5d/Ad/Kd:70|-70:Bob|Alice
STATE:50:rc/rrc/rrrrc/rc:Tc5d|JsAd/4h7s8s/9c/3d:-140|140:Alice|Bob
STATE:51:crrrc/rc/crc/rrrc:Ah7c|AsKc/7d2c8c/Jh/Jd:130|-130:Bob|Alice
STATE:52:rrrf:5cJh|Th8h:-30|30:Alice|Bob
STATE:53:rc/rrrc/rrc/crf:Qd5c|3h6d/AsTd8d/Kh/Qc:-90|90:Bob|Alice
STATE:54:rc/rc/rrrrc/crc:7s4h|7h9d/8d2dQs/2s/6d:-130|130:Alice|Bob
STATE:55:rc/cc/rrf:8c6s|Tc8h/Qc2h8s/7h:-40|40:Bob|Alice
STATE:56:f:Ks7d|9hTs:5|-5:Alice|Bob
STATE:57:f:5cAh|9dTh:5|-5:Bob|Alice
STATE:58:rrrc/rc/crc/rrrrc:2c9h|5hKh/JdKsAs/9s/6c:-150|150:Alice|Bob
STATE:59:rrrc/rc/crrrrc/rrc:4dTd|9s9c/TcJcKh/5s/7h:170|-170:Bob|Alice
STATE:60:rc/rc/rrrc/cc:5s9s|3c4c/Jc3sAs/6c/2c:-90|90:Alice|Bob
STATE:61:cc/rc/rrrc/cc:Jd5d|4s4d/6c8h7s/Jh/7h:80|-80:Bob|Alice
STATE:62:rc/rc/rc/crc:5s2s|Kh2c/6d8hQs/Ah/Ks:-70|70:Alice|Bob
STATE:63:rc/rrrrf:7c5s|9c2c/QdKh9d:-50|50:Bob|Alice
STATE:64:cc/rrrrc/rc/cc:7c9d|8s9h/2cTsTh/4c/Ad:-70|70:Alice|Bob
STATE:65:rrc/crc/rc/rrf:8h7h|Ah2s/3dJh4s/Qd/As:-80|80:Bob|Alice
STATE:66:rc/rc/crrrf:QhAd|5s3h/2h2cTc/6h:-70|70:Alice|Bob
STATE:67:rc/rrrc/crrrrc/cc:4d6d|9hJc/Jd4h3s/Ah/6s:130|-130:Bob|Alice
STATE:68:rrc/crc/cc/cc:7h6d|6h4d/3cJd7d/8s/Kc:40|-40:Alice|Bob
STATE:69:cc/rrc/rc/rc:Jh4c|9d2d/6dTh5s/As/Kd:70|-70:Bob|Alice
STATE:70:rc/rrc/crrc/crc:Ah4d|JhTs/AsKh5s/6d/2c:100|-100:Alice|Bob
STATE:71:crrrc/rc/rrrc/cc:6c5h|8h2s/5sQd4h/Js/9c:110|-110:Bob|Alice
STATE:72:rc/rc/rrc/rrrrc:3c3s|7c3h/2s8s5s/9s/4c:150|-150:Alice|Bob
STATE:73:cc/rrc/rc/rc:3s5d|Kh2h/3h2d9h/8d/9d:70|-70:Bob|Alice
STATE:74:rrrc/rc/crc/rrc:5c3c|2dJh/Kh6c9h/4d/Ks:-110|110:Alice|Bob
STATE:75:cc/crc/cc/cc:Kc7s|2s6d/4hQdKh/Ah/Kd:20|-20:Bob|Alice
STATE:76:rc/rc/crrc/cc:Qh9s|Tc5d/Qc8h2c/Ks/Jh:70|-70:Alice|Bob
STATE:77:rc/cc/rrrc/rrc:JsTd|5s2c/AsAcTc/Ah/8h:120|-120:Bob|Alice
STATE:78:cc/rc/crrrc/rrrc:As8s|4cQc/Ad6hKh/Kd/8d:140|-140:Alice|Bob
STATE:79:rc/rrrc/cc/rrc:3c6h|3dKc/5hJc3h/9s/8h:-90|90:Bob|Alice
STATE:80:cc/cc/cc/cc:6d6s|Tc6c/4c8s7s/Js/4d:10|-10:Alice|Bob
STATE:81:cc/cc/crc/crc:5s6s|7c3s/Qd4dQc/2c/6c:50|-50:Bob|Alice
STATE:82:rrrc/rc/cc/rrrrc:2sQs|2c7d/AhAd8c/9h/3s:130|-130:Alice|Bob
STATE:83:cc/cc/rc/rrrc:8dTc|2h6c/Qs4c2s/Td/6h:-90|90:Bob|Alice
STATE:84:rrrc/crrrc/rc/cc:Ah9d|5c6c/Ts9s4c/Qh/4d:90|-90:Alice|Bob
STATE:85:crf:3d8h|5d2s:10|-10:Bob|Alice
STATE:86:rc/rrrrc/crc/crrrf:6d8h|6h6c/Ts2sQc/3d/Ah:-120|120:Alice|Bob
STATE:87:crrf:AdAc|8d8s:-20|20:Bob|Alice
STATE:88:cc/cc/cc/crc:Jh2c|2hKc/5s8dTs/Tc/6d:-30|30:Alice|Bob
STATE:89:cc/crrrc/rrc/rc:JsKc|JdQh/Ts9c5d/6c/5h:100|-100:Bob|Alice
STATE:90:rrrc/rrrc/rc/rrc:2sTs|Kd6s/9dTh6h/2c/3d:130|-130:Alice|Bob
STATE:91:cc/rc/crrrrc/crc:7d9h|JdKc/KhQdJc/Ts/Td:120|-120:Bob|Alice
STATE:92:rrc/rrrc/rc/rrrrf:8hJc|JhAc/6s5s6d/9h/4s:-140|140:Alice|Bob
STATE:93:rrf:Jh2d|2c5h:20|-20:Bob|Alice
STATE:94:cc/crc/cc/rc:Tc3s|9s4h/Td8d5c/Qh/Jd:-40|40:Alice|Bob
STATE:95:rrrc/crc/rrrc/crrc:9dAd|5sTc/AhJd3d/Jc/5c:150|-150:Bob|Alice
STATE:96:rrrc/rrc/rc/crrrrc:4sQh|8dTc/QcJsAh/Jd/3c:160|-160:Alice|Bob
STATE:97:cc/rc/rc/crrf:Qd9h|AsAd/3d4s6s/2h/9d:60|-60:Bob|Alice
STATE:98:crc/cc/rrrrc/rrc:QsQc|7cQh/Kd6h3h/Kh/5d:140|-140:Alice|Bob
STATE:99:rrrc/crc/cc/crrc:4cTs|Qs9s/9h5d8d/6c/6d:-90|90:Bob|Alice
STATE:100:cc/rc/crc/crrc:Qd2c|3cKh/8h8c7h/Kd/2d:-80|80:Alice|Bob
STATE:101:rc/crc/rc/crrrrc:Qs6d|7s7h/8c8h2c/3d/8d:-130|130:Bob|Alice
STATE:102:rc/rrc/crrc/rrc:JsKc|5dTh/6sQsJh/2c/4h:120|-120:Alice|Bob
STATE:103:rf:Js5h|Td3h:-10|10:Bob|Alice
STATE:104:rrrc/rrc/crrrc/cc:Qs8d|9c8h/5hKh3c/6h/Kc:120|-120:Alice|Bob
STATE:105:rf:Th6d|5s4d:-10|10:Bob|Alice
STATE:106:rc/crrc/rrc/rf:Qd7c|3d8c/Th3cJs/Ac/9d:80|-80:Alice|Bob
STATE:107:rc/crrc/rc/cc:JsTc|Jd5s/ThTsKd/Ac/3c:60|-60:Bob|Alice
STATE:108:crrc/cc/crc/crc:4hJc|5s6h/9d3dQc/7s/Qh:70|-70:Alice|Bob
STATE:109:rf:2d5d|4s4c:-10|10:Bob|Alice
STATE:110:rrc/crc/crc/cc:8c7c|3d2h/Qs7dTc/Th/2d:60|-60:Alice|Bob
STATE:111:rc/cc/rc/rc:AcQc|5sKh/As8sKs/6c/Ts:-60|60:Bob|Alice
STATE:112:crc/rc/crc/rrrf:8d9s|9d7h/2hJh6h/5c/As:90|-90:Alice|Bob
STATE:113:f:Ad6s|3c6h:5|-5:Bob|Alice
STATE:114:crc/rc/cc/crc:9sKc|3sAs/4s5d8d/5h/8s:-50|50:Alice|Bob
STATE:115:rrrf:3d2s|9cKh:-30|30:Bob|Alice
STATE:116:crc/crc/crc/crc:Jc6h|9s9h/3hAdAs/Ac/7d:-70|70:Alice|Bob
STATE:117:rrrc/rc/cc/cc:AhTd|6c3c/5hJcAd/4c/6d:50|-50:Bob|Alice
STATE:118:cc/cc/crrc/crrrc:Js8d|Jc6c/6s9d6h/2s/3h:-110|110:Alice|Bob
STATE:119:rf:Tc7s|Ac7d:-10|10:Bob|Alice
STATE:120:crrrf:Td6s|6cJs:30|-30:Alice|Bob
STATE:121:cc/rc/cc/rrc:5cTs|4d7c/3hTdKs/7h/9d:60|-60:Bob|Alice
STATE:122:rrc/cc/crc/rc:2c2h|Ah7h/4hTs5d/Jc/Qs:70|-70:Alice|Bob
STATE:123:rrrc/rrc/cc/crc:9c5d|KhAh/Qh4c4s/Qc/2d:-80|80:Bob|Alice
STATE:124:rrf:Qh6c|9s5d:20|-20:Alice|Bob
STATE:125:cc/cc/crrc/rrc:Tc6c|8c6d/Ts4cAs/4h/5h:90|-90:Bob|Alice
STATE:126:rc/rc/cc/rc:As9d|3d9c/Qh8cKc/2h/4h:50|-50:Alice|Bob
STATE:127:rrc/rrc/cc/crc:QcKd|3d9c/KhJdQd/7c/Ah:70|-70:Bob|Alice
STATE:128:crrc/crc/crrrrc/crc:Kc8d|2cKd/6c5dTh/4c/5s:140|-140:Alice|Bob
STATE:129:crc/crc/rf:As5d|4hQs/8sKh6c/Jh:30|-30:Bob|Alice
STATE:130:f:7s8d|Ad3s:5|-5:Alice|Bob
STATE:131:crc/cc/rrrrc/rrrrc:2hJh|JdKs/3c5hKh/Tc/9c:-180|180:Bob|Alice
STATE:132:crrc/crrrrc/rc/cc:9d2c|Qh8d/2d9s7c/3d/Ks:90|-90:Alice|Bob
STATE:133:cc/cc/rc/cc:9dJc|6dJh/6c7c9c/Qd/Ks:30|-30:Bob|Alice
STATE:134:cc/rc/cc/cc:Tc8c|5d9h/AhTs7h/8h/Kd:20|-20:Alice|Bob
STATE:135:f:9d2s|6c8c:5|-5:Bob|Alice
STATE:136:f:2d3d|5sQh:5|-5:Alice|Bob
STATE:137:rc/rf:3d5h|QsTd/6hQh5s:20|-20:Bob|Alice
STATE:138:rc/cc/rc/rc:TsQd|5hTd/3c5dJd/5s/2s:-60|60:Alice|Bob
STATE:139:cc/cc/rrrrc/crc:3c5d|5c7s/Jc8c8h/4h/9c:-110|110:Bob|Alice
STATE:140:cc/rf:6s4s|2dKd/5d2h5h:10|-10:Alice|Bob
STATE:141:crrrc/rrc/rc/rrc:Ah7c|QsJc/2dTd8d/3c/9c:-120|120:Bob|Alice
STATE:142:rc/rc/rc/rrrrc:5c2s|Qc7c/TsAs3s/6d/6h:-130|130:Alice|Bob
STATE:143:crrc/cc/crf:5c8s|Js6s/TcTh3h/9d:-30|30:Bob|Alice
STATE:144:rc/rrrc/rc/crf:Qh6s|AdKs/9dJd2s/Ah/Qd:-70|70:Alice|Bob
STATE:145:crrc/cc/rc/crc:2c9s|Jh2s/4cJs6s/9d/Kh:-70|70:Bob|Alice
STATE:146:rrrf:5d6c|7d6d:-30|30:Alice|Bob
STATE:147:rrc/rc/rrrrc/rc:AdKh|6h5s/4cJh5d/Jc/Th:-140|140:Bob|Alice
STATE:148:rc/rrc/rrrrc/crc:2d5d|Kc6d/9d4s7h/4c/Ac:-140|140:Alice|Bob
STATE:149:cc/cc/rrrrc/rc:As9d|5c3h/3c7cQd/Ac/Jh:110|-110:Bob|Alice
STATE:150:rrrc/cc/rc/rc:Td5d|AsJs/8s3dKc/5s/9h:80|-80:Alice|Bob
STATE:151:f:KsKh|2c5h:5|-5:Bob|Alice
STATE:152:rrf:JcQd|7c3s:20|-20:Alice|Bob
STATE:153:rc/rc/rc/rc:2s3s|Qs8c/JsAs5h/Ac/Kc:-70|70:Bob|Alice
STATE:154:rrrc/cc/rrrc/cc:5h5d|4d2s/5s6sQh/7c/Ks:100|-100:Alice|Bob
STATE:155:cc/rc/crc/cc:TcAd|Qs7d/8c9c5h/Kc/7s:-40|40:Bob|Alice
STATE:156:crc/rc/rrf:4c7h|4s9d/Jh5h8d/8h:-50|50:Alice|Bob
STATE:157:cc/crrrrc/rc/crc:5c3s|Jc4s/4h8d6d/4c/6s:-90|90:Bob|Alice
STATE:158:cc/cc/rrc/rrrrc:5h6s|Kc6c/2c8h9s/5d/Kd:-130|130:Alice|Bob
STATE:159:rc/rc/rc/crrc:Ah8d|9s7h/5c7s3h/6d/4d:90|-90:Bob|Alice
STATE:160:crrrc/rc/crc/rc:3d3s|7cTs/2h2sKs/8c/Ad:90|-90:Alice|Bob
STATE:161:cc/cc/rrc/cc:Qh4c|6dAc/KcQs4d/3h/9h:50|-50:Bob|Alice
STATE:162:rc/crc/rrrrc/rc:4cQd|Td4h/6d3d5s/Js/6c:130|-130:Alice|Bob
STATE:163:crc/rrrc/rrrrc/cc:2c8s|8cJc/Th5c9h/Qs/7h:-130|130:Bob|Alice
STATE:164:rrc/crrc/rrrrc/crrrrc:Qc6d|3h5s/7hAs8d/Kc/Jc:210|-210:Alice|Bob
STATE:165:rc/rc/crc/rc:9dJs|Qh3d/Jc3h8h/5h/8c:70|-70:Bob|Alice
STATE:166:rrrf:8dKd|Ac9h:-30|30:Alice|Bob
STATE:167:rrrc/rrc/rc/rc:KsTd|7s2d/4d8h8d/4s/9s:100|-100:Bob|Alice
STATE:168:rrc/cc/crrrc/crc:AdQd|3d3c/2dAh4c/Qs/Tc:110|-110:Alice|Bob
STATE:169:rc/cc/crc/rrrc:8d6c|Tc3s/7c3h7s/5s/Jc:-100|100:Bob|Alice
STATE:170:crc/crc/rrrrc/rrrc:7h6c|AdKc/8sQd3d/Kh/5d:-170|170:Alice|Bob
STATE:171:rc/cc/crc/rf:Ac7s|Td6c/2s7hAs/5d/Qc:40|-40:Bob|Alice
STATE:172:rc/cc/rf:Kd5c|TsJh/6c5h3s/9s:20|-20:Alice|Bob
STATE:173:rc/crc/rc/rrc:Th5d|Js4h/Kd7sTc/6d/As:90|-90:Bob|Alice
STATE:174:rrf:2d4h|Jd6s:20|-20:Alice|Bob
STATE:175:crc/rc/crc/rrc:5cJc|2c2h/5s8h4s/Kh/Ks:90|-90:Bob|Alice
STATE:176:cc/rrc/rrf:8c4s|TsKd/3h6s6d/8s:-50|50:Alice|Bob
STATE:177:cc/cc/cc/rc:8hTs|2d3c/AdAc4h/4c/Js:0|0:Bob|Alice
STATE:178:f:8hAh|Kh3s:5|-5:Alice|Bob
STATE:179:crc/rc/crc/cc:9h2c|4dQh/2dTd9c/Ah/6h:50|-50:Bob|Alice
STATE:180:cc/cc/rc/crrrrc:9d4d|6h7s/AhQs5h/7c/8c:-110|110:Alice|Bob
STATE:181:crc/rrc/rc/rrrc:7cQc|6s6d/JhKs7h/9s/8s:120|-120:Bob|Alice
STATE:182:rc/rc/crrc/rc:6cTs|Jh4d/7h9sQc/As/3d:-90|90:Alice|Bob
STATE:183:rc/cc/rrrc/rrc:7c6d|TsJs/3sAh9c/3c/4d:-120|120:Bob|Alice
STATE:184:rc/rrrrc/crc/cc:8hQc|5s3s/KcKsTc/8s/Qh:80|-80:Alice|Bob
STATE:185:rc/rrc/crrc/rrrrc:Td6h|7c7h/Ts6cQd/4h/2c:160|-160:Bob|Alice
STATE:186:cc/cc/cc/rc:8c5c|Jc9c/TdAh9s/Qh/Kd:-30|30:Alice|Bob
STATE:187:rrrc/rrc/cc/rrrc:QhJh|5h8s/Kh8d9c/9s/As:-120|120:Bob|Alice
STATE:188:rrc/rf:Qs7c|As2h/6d6cJh:30|-30:Alice|Bob
STATE:189:rc/cc/rc/crrrc:Ac7h|8c6h/AhQh9d/9h/2s:100|-100:Bob|Alice
STATE:190:rrc/rrc/rrrrc/rc:Ks6h|8dJs/8sKd5d/5s/5h:150|-150:Alice|Bob
STATE:191:crc/cc/cc/crf:9c4d|5cQs/6dQcQd/4s/Ks:-20|20:Bob|Alice
STATE:192:cc/rrc/cc/rrc:Qh7h|JhTh/2hQc9c/9h/6d:70|-70:Alice|Bob
STATE:193:cc/crrc/cc/crrrrc:KhKd|4h2s/8hKs9d/4s/Qd:110|-110:Bob|Alice
STATE:194:cc/rc/cc/rrf:6dTs|2dJd/7d5hJs/5s/Qh:-40|40:Alice|Bob
STATE:195:cc/cc/rrrc/rrc:Jd9c|6sQh/3c8d8s/4d/5h:-110|110:Bob|Alice
STATE:196:cc/rrf:JsKs|6h8h/5s2s2h:-20|20:Alice|Bob
STATE:197:rrrc/cc/cc/rrrc:Ks9h|Qd3s/JhJsAd/2s/Kc:100|-100:Bob|Alice
STATE:198:rc/crrrc/crrrrc/rc:5h9c|5cTc/7d4c4d/Ks/2h:-150|150:Alice|Bob
STATE:199:cc/rc/crc/rrrc:6h9h|4d7s/JhThTd/8c/Kc:100|-100:Bob|Alice
STATE:200:f:7s3s|7c4h:5|-5:Alice|Bob
STATE:201:rrf:3dKd|9d2c:20|-20:Bob|Alice
STATE:202:crf:9c7s|2d9s:10|-10:Alice|Bob
STATE:203:rrc/crrrc/cc/crc:9c6d|8s2d/AsAcQs/3h/2h:-80|80:Bob|Alice
STATE:204:rc/cc/rrc/rrrc:2s5h|Tc3d/7s8sTh/Kc/Js:-120|120:Alice|Bob
STATE:205:rf:Ts7c|Th7s:-10|10:Bob|Alice
STATE:206:cc/cc/crc/rc:ThAs|Js4s/2s4h2h/Qh/7h:50|-50:Alice|Bob
STATE:207:rc/rrc/rrrc/rc:2sQs|KcJd/4c6c3h/2d/4s:120|-120:Bob|Alice
STATE:208:cc/cc/rc/crc:AcAh|9s9c/Ad8c3c/Qs/6h:50|-50:Alice|Bob
STATE:209:cc/rc/rf:Js5c|2sTd/As2h3d/Kh:20|-20:Bob|Alice
STATE:210:rc/cc/cc/rc:Qc6s|Js5h/4s4h8d/6h/5c:40|-40:Alice|Bob
STATE:211:rc/rrrc/rf:TdKs|2dAh/Qh4h9s/Qs:50|-50:Bob|Alice
STATE:212:crc/cc/rrc/rc:Tc8c|9c6h/8sAc9d/7d/Ks:-80|80:Alice|Bob
STATE:213:rrc/crrc/rrrrc/cc:3c6h|Jc7d/8d9d6c/3d/Kd:-130|130:Bob|Alice
STATE:214:rc/cc/crrrrc/rf:2c6d|Kc8s/7c4d9d/4h/Ad:100|-100:Alice|Bob
STATE:215:crrc/rrrrc/crc/cc:2s3s|Td9d/7sJd9h/Tc/Qh:-90|90:Bob|Alice
STATE:216:rc/rf:7d2h|9sQh/TsTd4s:20|-20:Alice|Bob
STATE:217:rrc/crf:AhKs|Th8d/JsAs4s:-30|30:Bob|Alice
STATE:218:crrc/rc/rrrrc/cc:6s6c|Kd8d/2c7hJh/As/6h:120|-120:Alice|Bob
STATE:219:crc/cc/crf:4sKc|4hAh/5s2d8s/5d:-20|20:Bob|Alice
STATE:220:cc/rc/rrc/crc:Th7h|7c5d/4s3sJd/7d/5s:-80|80:Alice|Bob
STATE:221:crc/cc/rrf:6sTs|7h9s/6c7cQs/Th:-40|40:Bob|Alice
STATE:222:cc/cc/cc/rrf:2d8h|Kc2s/8c3d9s/Ks/6c:-30|30:Alice|Bob
STATE:223:rrrc/rc/crrrrc/crrc:Tc3c|Kc7h/7dAd3h/Jd/Qd:-170|170:Bob|Alice
STATE:224:crrc/rrrf:3h3s|Ts2d/Jh5c9d:50|-50:Alice|Bob
STATE:225:rc/rc/rrc/rc:2d4h|6d7d/TsQhQd/Ad/3s:-90|90:Bob|Alice
STATE:226:cc/crrc/rrrc/rc:AsKc|2cTs/5cAcKs/Td/Qh:110|-110:Alice|Bob
STATE:227:rrc/rc/rf:6s7d|9s3c/5sQhTd/4c:40|-40:Bob|Alice
STATE:228:rc/rc/rc/rc:Ac3s|5h2d/Jc7dQs/9d/4s:70|-70:Alice|Bob
STATE:229:crrc/rrrc/rrc/rc:JsJh|Kh6h/As6d3c/Qc/Ac:120|-120:Bob|Alice
STATE:230:cc/crc/rrc/rc:2c9c|4d9d/6h6d3s/As/4h:-80|80:Alice|Bob
STATE:231:cc/rc/crrc/cc:2h2d|3h6s/7c4hTc/3d/Ad:-60|60:Bob|Alice
STATE:232:rrc/cc/cc/cc:6c9s|JsTs/9c7cKd/Tc/2c:30|-30:Alice|Bob
STATE:233:rrc/rf:Qs5h|TcKc/Jh9c2s:30|-30:Bob|Alice
STATE:234:rc/rrrc/rf:Td6s|AdTc/8c4hKc/3c:50|-50:Alice|Bob
STATE:235:crc/crc/cc/crrf:5s8c|6d4c/4d6c3d/7d/2s:50|-50:Bob|Alice
STATE:236:rrrc/rrrc/rrc/crc:8d5s|3s2d/3dAc6h/Tc/9s:-130|130:Alice|Bob
STATE:237:crc/rc/rrrc/cc:8h6c|KhAh/QsTd2h/Jc/4h:-90|90:Bob|Alice
STATE:238:crrrc/rrc/cc/crc:Js3s|6d8h/Kd2s3c/Qc/4d:80|-80:Alice|Bob
STATE:239:rc/rrrrc/rrc/rc:9sQd|8s6h/JdAs5c/3d/Js:120|-120:Bob|Alice
STATE:240:f:7c4s|Kh2d:5|-5:Alice|Bob
STATE:241:cc/cc/rrc/rrrrf:6d6c|3c7h/3s4h5c/9c/2h:-110|110:Bob|Alice
STATE:242:crc/rrc/crc/rrc:3d8d|JdAd/7h9s9h/Ac/Js:-100|100:Alice|Bob
STATE:243:rrrc/rc/crrc/crf:3s3h|9h8c/TsJcTh/Qd/4h:-90|90:Bob|Alice
STATE:244:rrc/rf:8d7d|Ah9d/JcTd9h:30|-30:Alice|Bob
STATE:245:f:QcQs|7dQh:5|-5:Bob|Alice
STATE:246:crc/rc/rc/rc:KdJc|QdQs/6dJhAd/4c/Tc:-70|70:Alice|Bob
STATE:247:cc/rc/crc/rrrrc:QsAd|2h7s/ThJdJs/2s/4s:-120|120:Bob|Alice
STATE:248:cc/rrrc/cc/rrc:Tc5d|4dKs/4cTsJc/3d/9c:80|-80:Alice|Bob
STATE:249:rrrf:7c2d|Ks5s:-30|30:Bob|Alice
STATE:250:cc/crrc/rc/rrc:7h2c|Qd5h/Ah6dTc/Qs/4d:-90|90:Alice|Bob
STATE:251:rc/rrrrc/crc/crrc:Jh4c|AcTs/3d3c2d/9d/5d:-120|120:Bob|Alice
STATE:252:rrc/rf:3c3s|Qh5h/JhKhQc:30|-30:Alice|Bob
STATE:253:rc/rc/rrrc/crc:5s4s|KdTc/7s5c6h/Jh/2d:110|-110:Bob|Alice
STATE:254:cc/crc/crrc/rrc:2s5s|6h7c/2hTd6d/3h/5d:100|-100:Alice|Bob
STATE:255:rrc/cc/crrrc/rrc:8hAd|5c8s/5h7h2h/7c/Tc:-130|130:Bob|Alice
STATE:256:crc/rrc/cc/rrc:7dJd|6s5d/Kh5s4s/Jc/2d:80|-80:Alice|Bob
STATE:257:cc/crrrc/crrrc/crrc:9hJs|5c8d/Jh6d3c/4d/6s:140|-140:Bob|Alice
STATE:258:f:6dAd|6h7s:5|-5:Alice|Bob
STATE:259:rrrc/crrc/crrc/rc:JhTc|9c4s/Qd3sTh/4c/7h:120|-120:Bob|Alice
STATE:260:rc/cc/cc/crc:7h8s|5cJh/6h4d3h/Kh/7d:-40|40:Alice|Bob
STATE:261:rrrc/rc/cc/rf:JhKc|9c7s/3h7d9s/7c/4h:50|-50:Bob|Alice
STATE:262:rrc/cc/rf:8s7s|4cKc/4dKs2d/9h:30|-30:Alice|Bob
STATE:263:rrc/rc/cc/cc:9d2s|5sQh/KsTh9s/2c/3h:40|-40:Bob|Alice
STATE:264:rrrc/rc/rrc/rrrc:Jd2d|4dKc/7cKd2h/9c/4s:-150|150:Alice|Bob
STATE:265:crrrc/cc/rc/rrrrc:QhKh|9s6s/3sJcKs/2s/Kc:-140|140:Bob|Alice
STATE:266:cc/rc/crrrc/cc:7sTs|9d2h/3dAc5h/8c/Qd:80|-80:Alice|Bob
STATE:267:rrrc/crrc/cc/cc:3cTd|6dQc/5h2s3s/Ah/Js:60|-60:Bob|Alice
STATE:268:rc/crc/cc/rc:5c4s|9h4d/2dQsQd/9s/5s:-50|50:Alice|Bob
STATE:269:crc/cc/rrc/crc:3d7s|2d9h/TcQhTs/Js/5s:-80|80:Bob|Alice
STATE:270:crc/rrc/crrrc/rc:9s8h|AsTh/TcQcAc/5h/Ts:-120|120:Alice|Bob
STATE:271:rc/rrrrc/rrrc/rrrc:JcJh|Th4d/5sTs8s/Kh/Jd:180|-180:Bob|Alice
STATE:272:rrc/rrc/rrrc/cc:3s8h|Td5d/5s8sKh/7s/2s:110|-110:Alice|Bob
STATE:273:cc/rrc/cc/cc:7dQh|9dQd/Qc6sKh/Ad/2s:-30|30:Bob|Alice
STATE:274:cc/cc/rf:9dKh|Tc2h/8d2dKs/As:10|-10:Alice|Bob
STATE:275:rc/rf:As9d|Ad5s/Ac7cQc:20|-20:Bob|Alice
STATE:276:crc/rrrrf:3c2c|ThAc/Tc7sKc:-50|50:Alice|Bob
STATE:277:rc/cc/rrc/rrrrc:Ts7h|Td3s/8cThAh/8d/3h:0|0:Bob|Alice
STATE:278:rc/crrc/rc/crc:Jd5d|3c5s/7d4h6s/Ks/9h:-80|80:Alice|Bob
STATE:279:cc/rrc/crc/cc:Kh3h|TsQc/Kd8s6s/4s/7d:50|-50:Bob|Alice
STATE:280:cc/crf:4h7h|8sQc/8hQdJd:-10|10:Alice|Bob
STATE:281:f:8sQs|4h6d:5|-5:Bob|Alice
STATE:282:crrrc/rc/rrrc/cc:As3s|Ks5h/2s5dJh/9s/6h:-110|110:Alice|Bob
STATE:283:crc/crc/crf:Js7c|9d3s/KcAs3d/5h:-30|30:Bob|Alice
STATE:284:rrrc/rc/rc/rc:AhTc|7s2d/7d9hQs/3d/As:90|-90:Alice|Bob
STATE:285:f:8h3d|6cQh:5|-5:Bob|Alice
STATE:286:crc/crc/cc/rc:Qs6d|8s5c/Ad3d8c/7h/Qc:50|-50:Alice|Bob
STATE:287:crc/rrc/rf:6c6d|8c8s/5dAhQc/3d:40|-40:Bob|Alice
STATE:288:cc/crc/cc/rrrrc:Ah9h|7c5c/6hKsQs/6c/2h:100|-100:Alice|Bob
STATE:289:rc/rc/cc/cc:Ac3c|TcKh/2d5c7s/8h/Jh:30|-30:Bob|Alice
STATE:290:crf:Td5d|6s4d:10|-10:Alice|Bob
STATE:291:rrc/rrrrc/rrc/rc:9c7c|7s4s/QcJh9s/6s/Qs:-130|130:Bob|Alice
STATE:292:rc/crrrc/crrrrc/cc:8hQh|3c9h/AhTd4d/Th/7c:130|-130:Alice|Bob
STATE:293:rc/rrf:2d7c|8hKs/5c9cKc:-30|30:Bob|Alice
STATE:294:crc/cc/cc/rrrc:5c3h|6cQc/2s8s8h/Js/Kh:-80|80:Alice|Bob
STATE:295:cc/cc/cc/rrf:Ac2d|Td4d/9hKhAd/4c/Th:-30|30:Bob|Alice
STATE:296:rc/rc/rrc/rc:3sQd|2cQs/5c6d3c/Qc/4d:-90|90:Alice|Bob
STATE:297:crc/rrc/cc/rrc:8c8h|QhQc/KhTsTd/2c/5h:-80|80:Bob|Alice
STATE:298:crc/crc/rrc/rrrc:9c7c|7s6d/TsTdQc/Qh/7d:130|-130:Alice|Bob
STATE:299:cc/rc/rc/rrc:7sKc|2dAd/Jd5dKh/3c/Ks:80|-80:Bob|Alice
STATE:300:rc/rrc/rrc/crrc:2cQc|KhJd/AsJsTc/Td/Qs:-120|120:Alice|Bob
STATE:301:crrc/rrrc/cc/cc:5dKd|Qc6h/3s9sJh/Tc/7d:60|-60:Bob|Alice
STATE:302:rc/rc/cc/rc:3sQc|9c6h/2h7dKd/6s/7c:-50|50:Alice|Bob
STATE:303:cc/rrrc/rf:As7c|5hKc/3dTh8s/7d:40|-40:Bob|Alice
STATE:304:crc/crrc/rc/cc:Js7c|2h6d/4s9c8d/Kc/7h:60|-60:Alice|Bob
STATE:305:rrc/crrc/rrrc/rrc:8h6d|2sAs/AdQcQd/Ah/3s:-150|150:Bob|Alice
STATE:306:crc/crf:JcKs|7s5d/9d3cQh:-20|20:Alice|Bob
STATE:307:crc/rrrc/rrc/rrc:Js4s|2d7c/9h9s4d/7s/Tc:-130|130:Bob|Alice
STATE:308:cc/cc/crc/crc:Th2h|Ac5d/Qs8cKh/Ad/9c:-50|50:Alice|Bob
STATE:309:cc/rc/rrf:7hKh|5sQc/TsKs6c/2s:-40|40:Bob|Alice
STATE:310:rc/rrc/crrc/rrrc:2h2c|5d6c/Kh7h6d/Ac/Td:-140|140:Alice|Bob
STATE:311:f:6cAd|QsJh:5|-5:Bob|Alice
STATE:312:rrc/rrc/crrrc/rrrf:7h8d|JsKc/7cJhTh/3c/Ah:150|-150:Alice|Bob
STATE:313:rc/rc/rrc/cc:6dQh|3hQd/3d9h7s/8s/5c:70|-70:Bob|Alice
STATE:314:cc/rc/crc/rrf:5d6c|TcAc/7s9s9h/4c/3d:-60|60:Alice|Bob
STATE:315:rrf:2c5d|Qs9c:20|-20:Bob|Alice
STATE:316:rrc/crrrrc/crc/rc:Qs2d|3s9d/Kh5c2c/Qd/Ts:110|-110:Alice|Bob
STATE:317:rrrc/cc/rrc/rc:3h9c|2c4c/3cJh9s/6s/Ad:100|-100:Bob|Alice
STATE:318:rc/cc/rrc/crf:ThJh|Qc6c/Jc2c4h/7h/Kc:-60|60:Alice|Bob
STATE:319:rc/cc/rc/cc:QdKd|9s8h/6hKc5s/3c/6c:40|-40:Bob|Alice
STATE:320:rrrc/rc/crc/rc:5d3h|8cQc/Th7d5h/4s/Jc:90|-90:Alice|Bob
STATE:321:rrc/crc/rrrrc/cc:Td9d|7s4h/3h2hJs/Th/Ad:120|-120:Bob|Alice
STATE:322:rc/cc/rc/cc:Js6c|Kh7d/6sAsQh/7s/7c:-40|40:Alice|Bob
STATE:323:crrc/cc/crc/crrc:Kc8c|7s9c/Js8h3h/Kd/Jc:90|-90:Bob|Alice
STATE:324:rrrf:Qd7h|Qs4s:-30|30:Alice|Bob
STATE:325:rrc/cc/rc/crf:Jh7d|2d9d/QcAd7h/Th/Td:-50|50:Bob|Alice
STATE:326:f:3h5h|2c4d:5|-5:Alice|Bob
STATE:327:cc/rc/cc/rc:KhQc|QhAh/3c5d7d/Jd/2h:-40|40:Bob|Alice
STATE:328:cc/rc/rrc/rrrrc:2h8h|QhAs/Kd8c5d/7s/Kc:140|-140:Alice|Bob
STATE:329:rrc/crf:AsTd|Tc3c/TsJhAd:-30|30:Bob|Alice
STATE:330:f:AsQd|7c3s:5|-5:Alice|Bob
STATE:331:rrrc/cc/rc/crc:8cAc|As3h/9c4s5c/8d/3c:80|-80:Bob|Alice
STATE:332:cc/cc/crc/crc:Js4h|6h7d/2s8h3h/8c/Kc:50|-50:Alice|Bob
STATE:333:crc/rc/cc/cc:8cKh|3h9s/6d9h4h/Tc/2h:-30|30:Bob|Alice
STATE:334:cc/rc/cc/rc:Td4h|8c8h/7d5dJd/Kh/5s:-40|40:Alice|Bob
STATE:335:rc/cc/crc/rc:7h3d|JsAh/9dQsAc/Jd/Kc:-60|60:Bob|Alice
STATE:336:cc/cc/crc/crc:Td6s|8cQs/9s2cQd/Ah/3h:-50|50:Alice|Bob
STATE:337:crc/cc/rrc/cc:AdKc|Ah7d/Kd6h2d/6c/5d:60|-60:Bob|Alice
STATE:338:crc/crc/rc/rc:7dKc|6c3s/7s8d6h/9s/5s:0|0:Alice|Bob
STATE:339:rrrc/crc/crrc/cc:3d4d|9d4c/9h7d8s/2d/Qs:-90|90:Bob|Alice
STATE:340:rc/crrf:7hJc|4c2d/TcKh8s:30|-30:Alice|Bob
STATE:341:rrrc/rc/crc/rc:7dQh|8s9s/Qs9c4d/Jh/6c:90|-90:Bob|Alice
STATE:342:rrc/cc/crf:5d3d|7cJs/4d2c6h/Kh:-30|30:Alice|Bob
STATE:343:cc/rc/rrrrc/crc:4cKd|4h7c/7hQdKh/9h/4s:120|-120:Bob|Alice
STATE:344:rrrc/rf:3sJh|9cTs/QsAd2d:40|-40:Alice|Bob
STATE:345:f:8dTh|Td7h:5|-5:Bob|Alice
STATE:346:crf:Td4c|JdQc:10|-10:Alice|Bob
STATE:347:rrc/rc/crrc/crc:6s3c|JdQc/7sTsKh/8s/8c:-100|100:Bob|Alice
STATE:348:crc/crc/cc/cc:5hKc|3c8d/2h6c2s/Kd/Td:30|-30:Alice|Bob
STATE:349:f:Ts8d|AdTd:5|-5:Bob|Alice
STATE:350:rc/rrrc/rrc/cc:QcJs|Ks4h/2s3hKc/3d/9c:-90|90:Alice|Bob
STATE:351:crc/rrc/crrc/rc:Jd2c|Td6s/3h5c8h/7h/As:100|-100:Bob|Alice
STATE:352:rc/rrrrc/rc/crf:3h6s|5sAc/8hAs2d/Js/Qh:-80|80:Alice|Bob
STATE:353:rrrf:8s6h|4hTc:-30|30:Bob|Alice
STATE:354:crc/crrrrc/rrc/rf:As8s|2s2d/5s3sJd/8c/Qs:100|-100:Alice|Bob
STATE:355:cc/cc/cc/crc:8c9s|Jh9h/3hQh2c/Td/Kc:-30|30:Bob|Alice
STATE:356:rc/rc/rrc/cc:7c5d|2dJd/6cKdTc/8c/6d:-70|70:Alice|Bob
STATE:357:cc/rrc/crc/crrc:5h4c|4s3d/4d3c3s/Kd/6c:-90|90:Bob|Alice
STATE:358:crf:Js4c|Jh7c:10|-10:Alice|Bob
STATE:359:rc/cc/rrrc/rc:7d5s|6c9h/Kh7c3c/5c/9s:100|-100:Bob|Alice
STATE:360:rc/rc/cc/rc:JdJs|9c3c/5sQc2d/7d/4c:50|-50:Alice|Bob
STATE:361:cc/rrrrc/crf:8cJc|Kd7s/6dAdAs/9s:-50|50:Bob|Alice
STATE:362:rc/crrrrc/cc/crrc:KsAh|7s8s/TsJc9h/3d/7c:-100|100:Alice|Bob
STATE:363:f:Td2h|9d3h:5|-5:Bob|Alice
STATE:364:rf:QdTh|9dAd:-10|10:Alice|Bob
STATE:365:rrc/cc/crc/cc:TcJd|6d2c/3c8sAc/9c/8h:50|-50:Bob|Alice
STATE:366:rf:6d2h|2c5d:-10|10:Alice|Bob
STATE:367:crrrc/crc/rrrc/crc:3h8c|9s8s/3dKd6s/Kc/2s:130|-130:Bob|Alice
STATE:368:cc/crrrc/cc/crc:6d3d|TdQh/4h9cJh/Ac/4d:-60|60:Alice|Bob
STATE:369:rc/rc/rc/crrc:2sKd|4dJd/Qd2d6s/6c/Tc:90|-90:Bob|Alice
STATE:370:cc/rc/crc/crrrrf:9dTh|7dJc/2s4c9s/4d/As:100|-100:Alice|Bob
STATE:371:cc/rc/rrf:6h9c|9d8c/6cJs7s/5c:-40|40:Bob|Alice
STATE:372:rrc/rrrrc/cc/rrf:6dJc|Ah8d/8c9h3s/2d/Qc:-90|90:Alice|Bob
STATE:373:cc/rrc/rc/rc:Qs2c|7cTc/6hKsKh/9s/Td:-70|70:Bob|Alice
STATE:374:rc/rrc/crc/cc:As7h|8dAh/6dThTc/Jc/Qc:0|0:Alice|Bob
STATE:375:f:6s6d|Ts7c:5|-5:Bob|Alice
STATE:376:crrrc/rc/rc/rrrc:9s8c|Ac6s/7s8sQc/3d/5c:130|-130:Alice|Bob
STATE:377:crc/rc/crrc/cc:9hTd|Ts8c/2d5c7d/9s/Th:70|-70:Bob|Alice
STATE:378:rrrc/rrc/rc/cc:8hQh|4h5c/2s3d5h/Ts/Kh:-80|80:Alice|Bob
STATE:379:rrc/rrc/rrc/cc:9s8c|Js9c/Kd9hJd/Ad/6h:-90|90:Bob|Alice
STATE:380:rc/cc/cc/rrf:5d8d|Kh5h/5sTsAc/As/2d:-40|40:Alice|Bob
STATE:381:crc/rrc/cc/rrc:7c7d|KsQh/QsJs7h/Kc/As:80|-80:Bob|Alice
STATE:382:rrf:JdJc|6s9s:20|-20:Alice|Bob
STATE:383:crrc/cc/rrc/crc:8d5c|5h5d/8h2h4h/Qs/Js:90|-90:Bob|Alice
STATE:384:rc/crrc/rc/rrrc:8c4c|8hAh/5c4d8d/6s/2s:120|-120:Alice|Bob
STATE:385:crrc/rc/rrc/rrrc:3h2c|9sAs/Td4sKh/8d/4d:-140|140:Bob|Alice
STATE:386:crc/cc/rf:2c9h|3hQs/8cAhTh/7s:20|-20:Alice|Bob
STATE:387:rf:Jc9h|3h6h:-10|10:Bob|Alice
STATE:388:crrrf:Th4h|5s7d:30|-30:Alice|Bob
STATE:389:rrrc/rrc/cc/crc:9sJh|2h2c/6h3dAh/Td/5h:-80|80:Bob|Alice
STATE:390:rrrc/rc/rc/cc:8h2s|2hKs/7hQhAh/7s/Qd:0|0:Alice|Bob
STATE:391:rrrf:5s7c|3s2h:-30|30:Bob|Alice
STATE:392:rc/cc/crc/crrrrc:Td8c|9s7d/7cAh9h/Ts/8h:120|-120:Alice|Bob
STATE:393:crc/rc/rrc/cc:7cJc|8c8d/3sTdQc/6d/Ts:-70|70:Bob|Alice
STATE:394:rc/cc/rc/cc:6h7s|8h6d/4hJs3h/Jc/6s:-40|40:Alice|Bob
STATE:395:rc/rc/rc/rf:Jc3s|8h9s/Ac6cJh/7h/Qh:50|-50:Bob|Alice
STATE:396:rf:3hJs|Kh2d:-10|10:Alice|Bob
STATE:397:rc/crc/rc/rrc:KsTs|Qh5d/Kc6h8c/9d/3s:90|-90:Bob|Alice
STATE:398:crc/rc/rc/crrrc:8cJd|4c4d/QcAc2s/Ks/6c:-110|110:Alice|Bob
STATE:399:rrc/rrrrf:4s7d|5d5s/9h8h9s:-60|60:Bob|Alice
STATE:400:rrc/cc/rc/cc:3hAc|AhKd/Jd7s2d/Js/Qs:-50|50:Alice|Bob
STATE:401:rc/rf:7cQs|JcKd/4hJd4d:20|-20:Bob|Alice
STATE:402:crrf:Qh3c|Js5s:-20|20:Alice|Bob
STATE:403:rc/crc/cc/rrc:Ks6h|Qh8d/JsKhTd/As/5h:-70|70:Bob|Alice
STATE:404:cc/crc/cc/cc:Qc5c|9sKh/Ah5h2d/Kd/3c:-20|20:Alice|Bob
STATE:405:crc/rc/crrc/rrrc:2h4d|8s8c/5cQs3c/3d/Kc:-130|130:Bob|Alice
STATE:406:rrrc/crrc/crc/rrf:3h9c|4d7h/Jc4c6s/Qs/8h:-100|100:Alice|Bob
STATE:407:rrrc/rc/rc/rrrc:3d8h|4sAh/TdQs4c/Ac/7d:-130|130:Bob|Alice
STATE:408:cc/rrc/cc/crrc:Td9s|9c7d/Ks3c3s/Jh/4d:70|-70:Alice|Bob
STATE:409:rc/cc/crc/cc:7s2h|9sKd/6s3h8d/2d/Ah:40|-40:Bob|Alice
STATE:410:cc/crc/rrrc/rc:2d6c|Jc7s/9h9dKd/6s/3d:100|-100:Alice|Bob
STATE:411:rc/rc/rc/cc:8c4h|9h7d/AcQcKd/5s/5d:0|0:Bob|Alice
STATE:412:rc/rrc/rc/cc:3d5d|Kd2h/9d5cQd/Ac/Qs:60|-60:Alice|Bob
STATE:413:rc/rc/crc/crrc:6d6c|4s2c/2s7hQc/Kh/7c:90|-90:Bob|Alice
STATE:414:rrc/cc/rrrc/crrrc:5sQs|4s2c/6sKsAh/Ad/9h:150|-150:Alice|Bob
STATE:415:f:Jd4s|8s2c:5|-5:Bob|Alice
STATE:416:crc/crrrrc/cc/rrc:AsJs|3h5h/QdKd6h/Jc/Th:100|-100:Alice|Bob
STATE:417:rrrc/cc/rrrc/cc:Qd7s|Kc2d/Ac4d9s/9c/Qc:100|-100:Bob|Alice
STATE:418:rc/rc/rrc/rc:8hQd|3c6h/JsTs6d/Kc/Ac:90|-90:Alice|Bob
STATE:419:rrrc/crrc/rc/crc:2d8c|Ks8s/Qs9s3c/3h/7h:-100|100:Bob|Alice
STATE:420:cc/rc/cc/crrc:4sJd|JsKs/5d2s3h/Qs/6s:-60|60:Alice|Bob
STATE:421:cc/rf:TcTh|2h5c/Qc3c7d:10|-10:Bob|Alice
STATE:422:rrc/rrc/cc/rc:8cKh|5cKd/Tc7dTs/Th/5d:-70|70:Alice|Bob
STATE:423:crc/crc/cc/rc:Ah9h|8d5d/Tc3d4c/6c/Ac:50|-50:Bob|Alice
STATE:424:crc/rc/crrc/rc:3h6d|5cQc/TdJh4s/6s/Tc:90|-90:Alice|Bob
STATE:425:rrc/rc/crc/rrrrc:4d5c|9d6c/6s8cJc/7d/Qh:140|-140:Bob|Alice
STATE:426:crrrc/rrc/crc/rrc:7sTh|4sAs/4d9cQs/Ts/6d:120|-120:Alice|Bob
STATE:427:crrrc/crc/rc/rc:Jc5d|Qs5h/KdJdJh/9d/Tc:-90|90:Bob|Alice
STATE:428:rc/rrc/crf:4s2s|Js3h/TdQh2h/5s:-40|40:Alice|Bob
STATE:429:f:3s8c|9c5d:5|-5:Bob|Alice
STATE:430:rrc/crc/rc/cc:5d4d|2cKc/Kh2sQs/9c/3h:-60|60:Alice|Bob
STATE:431:rc/rrrrc/crc/cc:7d8s|ThJh/7h7cTd/4d/3s:80|-80:Bob|Alice
STATE:432:cc/crc/crrrc/rf:Qd5s|AcTd/Kd2h6c/5d/9d:80|-80:Alice|Bob
STATE:433:cc/rc/cc/cc:9cAh|3h5h/JhQh5c/Jc/Qc:20|-20:Bob|Alice
STATE:434:crc/rc/cc/rc:2sTs|Qh8s/6s2d9d/6c/Ah:50|-50:Alice|Bob
STATE:435:rrc/rc/rrc/rc:2h5c|JsQs/7s5sQh/3h/6s:-100|100:Bob|Alice
STATE:436:cc/rc/cc/rc:Ah9d|JcAs/3cQh7d/Qd/6s:-40|40:Alice|Bob
STATE:437:rrc/cc/crc/rrrrc:Qc2d|Kh3h/6h6c5h/9h/7d:-130|130:Bob|Alice
STATE:438:rf:7dKd|5cQc:-10|10:Alice|Bob
STATE:439:rrc/rc/crc/crc:Ts3s|Th2c/2d2s4c/3d/7c:-80|80:Bob|Alice
STATE:440:rc/rrrc/rc/rc:Jd8d|8c3h/QhJs2d/Td/6d:90|-90:Alice|Bob
STATE:441:crc/crrc/rrrrc/rrrc:Jc6c|JdQs/5d3h9h/Qd/6d:-180|180:Bob|Alice
STATE:442:rc/rrc/cc/crc:4s3s|2hAh/QdKh9d/Tc/Kc:-60|60:Alice|Bob
STATE:443:cc/crf:Ah2d|Qc9h/Kc8d4h:-10|10:Bob|Alice
STATE:444:crf:KdTc|9d6s:10|-10:Alice|Bob
STATE:445:rrf:6cKc|5sJs:20|-20:Bob|Alice
STATE:446:rrrf:Kd5s|6hJc:-30|30:Alice|Bob
STATE:447:cc/cc/cc/cc:AcJh|As6h/5d2s7s/8c/Qs:10|-10:Bob|Alice
STATE:448:cc/cc/rc/crrc:8c7d|4dQs/4h8dAh/5c/Td:70|-70:Alice|Bob
STATE:449:crrc/rc/rrf:Td5d|KcAh/5c7cJh/9c:-60|60:Bob|Alice
STATE:450:rc/rrc/rf:Jd4c|5c7d/JcJhTs/Kh:40|-40:Alice|Bob
STATE:451:crc/crrf:Th5h|6dKs/9hAc4d:30|-30:Bob|Alice
STATE:452:rf:Kh8c|3dTd:-10|10:Alice|Bob
STATE:453:rrrc/cc/rc/rrrrc:Qd5h|Ah8s/5dTc6c/Th/3h:140|-140:Bob|Alice
STATE:454:crrc/crc/cc/rc:9s3c|7cQc/9hTdKs/Ts/Qh:-60|60:Alice|Bob
STATE:455:f:5sAs|TdTc:5|-5:Bob|Alice
STATE:456:rrrc/cc/cc/cc:KsKd|8cTh/2d6c2c/5c/7h:40|-40:Alice|Bob
STATE:457:rf:9c6h|Qd7d:-10|10:Bob|Alice
STATE:458:rrc/cc/cc/crrc:5c9h|9d5d/6cTh3d/Qh/4s:0|0:Alice|Bob
STATE:459:cc/crrc/cc/cc:8sAd|3hJh/6c8d3d/2s/2c:30|-30:Bob|Alice
STATE:460:crrf:8sJc|5d7d:-20|20:Alice|Bob
STATE:461:rrc/rc/cc/rrrc:5c4h|KdJc/Js6h3s/Tc/Ac:-100|100:Bob|Alice
STATE:462:rc/rc/cc/rrc:7sJc|4h2s/2hQs5h/2c/7d:-70|70:Alice|Bob
STATE:463:rc/crf:Ah4d|3cKs/2s4sJc:-20|20:Bob|Alice
STATE:464:crrc/crc/crc/rc:Kc7h|5h7d/Js9c5s/8d/4h:-80|80:Alice|Bob
STATE:465:cc/cc/rc/cc:2cTs|6c3c/5cAcQc/Th/Qd:-30|30:Bob|Alice
STATE:466:cc/crc/crc/rrc:9s9h|JsAd/5s6c4d/8d/Kc:80|-80:Alice|Bob
STATE:467:rrf:8h9s|Kd6d:20|-20:Bob|Alice
STATE:468:rrrc/cc/rc/rrc:Qc3c|2s8c/Jc4h6d/7h/Ac:100|-100:Alice|Bob
STATE:469:cc/rrc/cc/rrrc:4h9c|Qh3d/5h7sJd/2c/Td:-90|90:Bob|Alice
STATE:470:crc/cc/crrc/rc:5cTs|7h9s/8dTcQs/3c/Ac:80|-80:Alice|Bob
STATE:471:crc/rrrrc/cc/rc:JhTh|3s9h/6cKs4h/2d/Qs:80|-80:Bob|Alice
STATE:472:crrrc/cc/rf:8sQc|Kh7c/5dAh8c/9h:40|-40:Alice|Bob
STATE:473:rrrc/crc/crrrrc/cc:4sKd|4d5c/8s5s9d/Ah/Qs:-130|130:Bob|Alice
STATE:474:cc/rrrrc/cc/rc:7dJh|3hTh/2d8hTc/Kh/Td:-70|70:Alice|Bob
STATE:475:rc/cc/rc/rrf:4sKs|6h7c/Ts2dTc/2s/Kc:-60|60:Bob|Alice
STATE:476:rrrf:Qc4c|4h7c:-30|30:Alice|Bob
STATE:477:crrrc/rc/rc/cc:8s5s|5hAc/Td9hJs/6d/Kh:-70|70:Bob|Alice
STATE:478:crrrc/rrrc/crc/rrc:Td8c|4c2d/Qh8d2c/Qc/Js:130|-130:Alice|Bob
STATE:479:cc/cc/cc/rc:9h6s|5hTd/Qd7c5d/Kh/3s:-30|30:Bob|Alice
STATE:480:rrrc/rc/cc/rrrf:9h6h|Kc2d/8d5cKd/Th/6c:90|-90:Alice|Bob
STATE:481:rc/rrrrc/cc/crc:2sQc|2d8s/As5hKc/8c/Jc:-80|80:Bob|Alice
STATE:482:crrc/cc/rrrrf:AdTd|7h5d/Kd6c3c/7s:-90|90:Alice|Bob
STATE:483:crc/crc/cc/rrrrc:5c5h|3c3h/4h5d4c/Td/7h:110|-110:Bob|Alice
STATE:484:rc/rrrc/cc/rc:5cQh|QsTc/4s7hTd/4c/2h:-70|70:Alice|Bob
STATE:485:rf:As4h|9cQs:-10|10:Bob|Alice
STATE:486:rc/rrc/rc/crrc:5s8s|5d6c/2h9dKs/2c/Th:0|0:Alice|Bob
STATE:487:cc/rc/cc/crrc:Kd6c|QdAs/4dKhTs/7h/4h:60|-60:Bob|Alice
STATE:488:cc/rf:AhKc|3cKd/9c5cQs:10|-10:Alice|Bob
STATE:489:cc/crc/rc/crc:QhKc|9c2d/3hThAd/7h/Kh:60|-60:Bob|Alice
STATE:490:cc/cc/cc/crc:Qd3s|QcJc/Ac3dAs/2h/9c:30|-30:Alice|Bob
STATE:491:cc/cc/rc/crrc:8d2h|Kh2s/Jd3c6h/8c/Ad:70|-70:Bob|Alice
STATE:492:crc/rc/cc/rf:Qh6c|5d4c/Td9sAc/5s/Jh:30|-30:Alice|Bob
STATE:493:cc/cc/cc/crrrrc:Ac9d|2h3c/Kd7c4c/2c/3s:-90|90:Bob|Alice
STATE:494:crc/rc/rrc/cc:QdJc|7hTh/3cAd9s/3s/Js:70|-70:Alice|Bob
STATE:495:rrrc/cc/crrc/cc:Ac6h|7c2c/KcAd3c/6s/4c:-80|80:Bob|Alice
STATE:496:crc/rc/rc/crrc:4s6s|7d2c/Tc4cTd/9s/Kh:90|-90:Alice|Bob
STATE:497:rrc/rrrc/crf:Jd9h|7h3s/6s3h4h/Qc:-60|60:Bob|Alice
STATE:498:rc/cc/rrrrc/rrrc:4d5d|7s9d/6dQs3d/Ah/7d:160|-160:Alice|Bob
STATE:499:rrf:2c9c|KhQs:20|-20:Bob|Alice
STATE:500:crrrc/crrc/rc/rrc:9d2d|Th6h/4s3s6s/Jh/Js:-120|120:Alice|Bob
STATE:501:rc/crc/rc/cc:3h5c|Qc9c/3cJhTc/6h/Js:50|-50:Bob|Alice
STATE:502:rc/cc/rc/cc:5s7h|9s3d/Kc9d8d/Js/4h:-40|40:Alice|Bob
STATE:503:crrc/rc/rf:3c5c|Kd2h/AhTc3s/As:40|-40:Bob|Alice
STATE:504:rc/rrc/crrrrc/rc:9dAd|6d7c/2c8cJh/4c/8d:140|-140:Alice|Bob
STATE:505:crc/crc/cc/rrrrf:3c8h|Jh7c/Ac4d7d/5c/6h:-90|90:Bob|Alice
STATE:506:cc/crc/cc/rc:9h6s|QcAc/AsJc2c/9d/Kc:-40|40:Alice|Bob
STATE:507:cc/rc/crc/rc:4h4s|7dKh/5d9cQc/Js/7h:-60|60:Bob|Alice
STATE:508:crc/rc/rc/rc:6sJs|QhQc/6cTh3d/8s/9d:-70|70:Alice|Bob
STATE:509:cc/rc/rc/rrc:8cKd|5dJs/4d9s8d/Ah/Jd:-80|80:Bob|Alice
STATE:510:cc/crc/rrc/crc:Qd5h|Ts4s/3sAcTc/2s/Qs:-80|80:Alice|Bob
STATE:511:cc/rc/rrc/rc:Qh8h|9s5s/6s4c3h/9c/8d:-80|80:Bob|Alice
STATE:512:rrrc/crc/rc/crc:6c9s|8cTc/Kc2s2c/6h/3c:-90|90:Alice|Bob
STATE:513:rrrc/crrc/rrc/rc:3hTh|2h2c/7cJd8s/Kd/2d:-120|120:Bob|Alice
STATE:514:crrrc/cc/cc/cc:9d5d|QsTh/Jc4s6c/9s/Td:-40|40:Alice|Bob
STATE:515:rrc/rc/cc/rc:2cJc|Qd5h/QhTsQs/7s/7c:-60|60:Bob|Alice
STATE:516:rc/cc/rrc/rrc:5c6c|JsAd/Ac8c5d/Qc/9s:100|-100:Alice|Bob
STATE:517:rrc/rc/crc/rrrc:Kd3h|8sKc/Ah4c3d/Jc/Th:120|-120:Bob|Alice
STATE:518:rrrc/crrrc/rc/rrc:5c2h|ThTc/Jc8c6s/Td/4h:-130|130:Alice|Bob
STATE:519:cc/rc/rc/crrc:6c9d|2s3d/2h8dQs/Ts/8c:-80|80:Bob|Alice
STATE:520:cc/rc/rrc/crrrc:2s9h|2c4d/6c5hJd/8h/3h:-120|120:Alice|Bob
STATE:521:rrrc/crc/rrrc/rc:8d4d|JcTd/2h3d7s/2d/Js:-130|130:Bob|Alice
STATE:522:cc/rc/crc/crf:Ac3s|TdJc/5c3c6d/Kc/Ah:-40|40:Alice|Bob
STATE:523:cc/crc/rc/crrc:3d7s|4d5h/8s9s3h/Tc/4s:-80|80:Bob|Alice
STATE:524:crc/cc/crc/rrrrc:3cJd|KdAs/Qh2hJh/2c/3s:120|-120:Alice|Bob
STATE:525:cc/rc/rrrrf:AdKs|8cKd/5h2h4c/2s:-80|80:Bob|Alice
STATE:526:cc/rrrf:2s5d|ThQs/5hAdJc:30|-30:Alice|Bob
STATE:527:crc/rrrc/cc/cc:9h3h|AdJc/Td3s5d/2h/2c:50|-50:Bob|Alice
STATE:528:cc/rc/crc/cc:8h3d|4s5c/Td3sQs/Ks/Ts:-40|40:Alice|Bob
STATE:529:cc/cc/crc/crrc:KhQh|6c7h/Qc5h9h/7s/Qd:70|-70:Bob|Alice
STATE:530:rf:Kc2d|KsAd:-10|10:Alice|Bob
STATE:531:cc/crc/rc/rrc:7c6d|Ad7s/3sKc3h/7d/4c:-80|80:Bob|Alice
STATE:532:rrc/crc/rc/rrc:9h3d|6hQc/4hAhKh/4s/2d:-100|100:Alice|Bob
STATE:533:crc/crrc/rrrc/rc:Kh2c|6sAh/4sQc9d/3c/6d:-120|120:Bob|Alice
STATE:534:rrc/crrrc/rc/crc:3h6h|3c7s/5hTs4c/6d/Jh:-100|100:Alice|Bob
STATE:535:crc/cc/crc/rrc:Ah5h|8cAc/2h8h9s/Ts/Js:-80|80:Bob|Alice
STATE:536:cc/cc/cc/rc:Qh9c|3h2d/Qd5dQc/Jh/Kh:30|-30:Alice|Bob
STATE:537:f:8hJc|4hQc:5|-5:Bob|Alice
STATE:538:crrc/cc/cc/rrc:7d4d|2s6c/8c8sQc/Kc/Jc:-70|70:Alice|Bob
STATE:539:rrc/rc/cc/cc:4c5s|7h8d/9s9h8c/7c/Jh:-40|40:Bob|Alice
STATE:540:rc/cc/crrrc/crrrrc:4d5s|6cTs/AhJd7d/7c/2c:-160|160:Alice|Bob
STATE:541:cc/crrrc/rrrrc/cc:Th3s|6h4h/Td2cAh/Kh/7s:120|-120:Bob|Alice
STATE:542:rc/crrc/cc/cc:8s8d|Qd3s/9h3d8h/5h/Ts:40|-40:Alice|Bob
STATE:543:rc/cc/rrc/crrrrc:5h6c|Jh6d/8sQh9c/3s/7d:140|-140:Bob|Alice
STATE:544:rc/rc/rc/cc:QcQh|6d3s/Jd4cTc/Td/9d:50|-50:Alice|Bob
STATE:545:rc/rc/rrrrf:TdKc|8d5c/As9hAd/2d:-90|90:Bob|Alice
STATE:546:cc/rrrrc/rrc/cc:7s7d|QhAc/6dQs4c/Jd/5c:-90|90:Alice|Bob
STATE:547:rrrf:Td6s|Ad6h:-30|30:Bob|Alice
STATE:548:cc/rrc/rrf:6d2c|Kh8c/2hQc3h/5c:-50|50:Alice|Bob
STATE:549:crc/cc/cc/crrc:AhKc|JdKd/QdTh9c/Ad/Qc:-60|60:Bob|Alice
STATE:550:rf:4cJd|QdAd:-10|10:Alice|Bob
STATE:551:rrc/rc/crc/rc:3dJh|9sQc/6h5c6c/7h/8s:-80|80:Bob|Alice
STATE:552:crf:Kh4s|8c7h:10|-10:Alice|Bob
STATE:553:rrc/rc/cc/cc:6cJd|3d2s/Ah6sTc/Kh/5c:40|-40:Bob|Alice
STATE:554:rc/cc/cc/crrrrc:5s2d|QdTs/Kd8h7d/8s/Kc:-100|100:Alice|Bob
STATE:555:rc/crrc/cc/rc:As2h|4sTc/2s7dKs/4h/Kh:-60|60:Bob|Alice
STATE:556:rc/rc/rc/crrc:5s9h|Qd7s/8h9d5c/Kc/As:90|-90:Alice|Bob
STATE:557:cc/cc/rc/rc:4h5c|2cKd/7d7h6c/2h/8d:50|-50:Bob|Alice
STATE:558:cc/cc/rrc/rc:2hKd|AsAd/Jd9s2c/8c/2s:70|-70:Alice|Bob
STATE:559:crrrc/rrc/crrc/crrc:KcKd|7hJs/9cAs8h/7d/9h:140|-140:Bob|Alice
STATE:560:rrc/crc/rrc/cc:9dJs|2d8s/QdQhAs/4h/9h:80|-80:Alice|Bob
STATE:561:rrc/cc/crrrc/rc:2dTh|2sTs/Kh5dTc/7d/7c:0|0:Bob|Alice
STATE:562:rc/cc/rrrrc/cc:3h8c|2s5s/9s4cKh/Qd/9d:100|-100:Alice|Bob
STATE:563:rc/crc/cc/crrrrc:9c5h|7d6d/4c6h9s/Jh/3h:110|-110:Bob|Alice
STATE:564:cc/crc/rrrrc/crc:5h8h|2dAs/8cKs6h/Ts/Kc:120|-120:Alice|Bob
STATE:565:cc/rrc/cc/rc:4h3d|Jh8h/2c5s5h/6d/Td:50|-50:Bob|Alice
STATE:566:rc/rrc/rrrrc/cc:7cQc|3s8d/2s2h7h/5c/2c:120|-120:Alice|Bob
STATE:567:cc/cc/rrc/crc:5dKh|8s7s/As2sTc/3c/3h:70|-70:Bob|Alice
STATE:568:rc/cc/rc/rrrrc:7dKd|3c6s/QsQhAs/8d/Ks:120|-120:Alice|Bob
STATE:569:cc/crrc/crc/rrc:Ah4s|Ts6s/4dTd5c/2d/6c:-90|90:Bob|Alice
STATE:570:rc/cc/rrrrc/rrf:Js7c|Tc8h/8cJh7d/5c/5h:-120|120:Alice|Bob
STATE:571:f:9sQc|8d7c:5|-5:Bob|Alice
STATE:572:cc/rc/cc/rrrrc:3dKd|8d5s/4cTcQd/3s/7h:100|-100:Alice|Bob
STATE:573:rrc/crc/cc/cc:Qc3c|9cTd/4sTh6s/6h/Js:-40|40:Bob|Alice
STATE:574:rrc/crf:Js9h|Kh3c/QhJdAs:-30|30:Alice|Bob
STATE:575:crrrc/rrc/cc/cc:4s2c|6s8c/7h3s9c/2s/Js:60|-60:Bob|Alice
STATE:576:f:3s6h|6s8c:5|-5:Alice|Bob
STATE:577:crc/rc/crc/rc:3dTs|Tc7d/AsKhJc/Qc/6h:0|0:Bob|Alice
STATE:578:rrc/crc/cc/cc:2d5c|3cQc/6sKs6h/Qd/5h:-40|40:Alice|Bob
STATE:579:crrrc/cc/cc/crc:3h7d|9d6s/9c8sTd/4h/Qc:-60|60:Bob|Alice
STATE:580:rc/rrrrc/rrrc/cc:4dQh|8c5c/9hKc2d/9d/Qs:120|-120:Alice|Bob
STATE:581:rrrc/cc/rrc/cc:Qc4d|8c7d/Qd8hTh/4s/5s:80|-80:Bob|Alice
STATE:582:crrrf:8dQs|3hQd:30|-30:Alice|Bob
STATE:583:crc/rrc/rrc/rrc:9h3d|9c5d/As7s2c/5h/2s:-120|120:Bob|Alice
STATE:584:rf:Qh8h|7s4c:-10|10:Alice|Bob
STATE:585:rrc/cc/rrc/rc:5h4s|9sQd/2c6d7d/Tc/6c:-90|90:Bob|Alice
STATE:586:rf:3h7s|Js5s:-10|10:Alice|Bob
STATE:587:rrc/cc/cc/rrc:5cTc|4d3h/9sJc9d/Qd/6h:70|-70:Bob|Alice
STATE:588:rc/crc/cc/rrrc:Qh8s|9s2h/4c3h7d/Kc/3s:90|-90:Alice|Bob
STATE:589:rc/rrc/cc/cc:Ad6s|Js8s/5dTs6c/9s/3d:40|-40:Bob|Alice
STATE:590:crrc/rrc/crrrrc/crf:Jh8s|TcQs/4hJd3h/9s/6c:-130|130:Alice|Bob
STATE:591:rrrc/crrrf:7cTs|AhJs/9h3dQd:-60|60:Bob|Alice
STATE:592:rrc/rc/rrrf:JcJh|KdAh/9dKc8d/4c:80|-80:Alice|Bob
STATE:593:crc/cc/rrrrc/cc:Qs2c|Jd6s/Js3dKs/Kc/8h:-100|100:Bob|Alice
STATE:594:rc/rrc/rrc/cc:6sQs|9dJh/7sAsTh/5c/5d:80|-80:Alice|Bob
STATE:595:rc/crc/crrrrf:6h8h|9h2d/2hJd5d/3d:90|-90:Bob|Alice
STATE:596:rc/rc/rrrrc/cc:3sQc|4c2c/Ts8sTd/5s/Ah:110|-110:Alice|Bob
STATE:597:crc/rrrc/cc/crrc:7sQd|Ac6s/6h9dJc/Jh/Kc:-90|90:Bob|Alice
STATE:598:rc/cc/rc/cc:3cJd|JsAs/9dAh9s/3d/Ks:-40|40:Alice|Bob
STATE:599:rc/cc/rf:3dTc|8s9s/KdKc2d/5d:20|-20:Bob|Alice
STATE:600:crrc/rc/rc/cc:4h8d|4dKh/3s9h7d/9c/Kc:-60|60:Alice|Bob
STATE:601:cc/cc/crrrrf:TsKh|Qh6h/Td9h8s/9c:70|-70:Bob|Alice
STATE:602:cc/rc/rc/rc:4d3s|4sJh/8sTs5c/4c/As:-60|60:Alice|Bob
STATE:603:rc/rc/crc/rrrc:6sJc|Kc3d/As5s7c/Td/9c:-110|110:Bob|Alice
STATE:604:crrrc/crrc/cc/rf:Qs4s|8c6s/4d7s7c/Qc/Kd:60|-60:Alice|Bob
STATE:605:crrc/cc/rc/rrrc:Kh7c|5sQs/Kd6s2c/9c/2d:110|-110:Bob|Alice
STATE:606:rc/crc/crc/crrc:5hAh|8hTh/3s4sTd/6s/As:90|-90:Alice|Bob
STATE:607:rrrc/crc/crrc/cc:8dQh|6s8c/Tc9h2d/5h/3h:90|-90:Bob|Alice
STATE:608:rc/cc/rrrc/rrc:3h9d|3sAh/Qc7c8d/6s/Td:120|-120:Alice|Bob
STATE:609:crc/crc/cc/rc:KsJc|6s4d/7cJd9s/6c/Td:50|-50:Bob|Alice
STATE:610:crrc/cc/rc/crrrrc:Qc7s|7d8s/5cAs8c/6c/9h:0|0:Alice|Bob
STATE:611:crc/cc/crrc/cc:9h5d|2s3d/Th8c5c/Jd/Jh:60|-60:Bob|Alice
STATE:612:cc/rc/crrrc/rrc:7cJc|TcQs/9h9cJd/4s/Kh:-120|120:Alice|Bob
STATE:613:crc/cc/crrc/rrf:3d9s|4s2d/Ts6h4d/7h/Qh:-80|80:Bob|Alice
STATE:614:rrrc/rrf:KcQd|7hTd/Th9h5d:-50|50:Alice|Bob
STATE:615:crc/rrc/crc/cc:Td4h|8c9s/TcAs7d/Jh/9h:-60|60:Bob|Alice
STATE:616:crrc/rc/cc/rrc:5h6h|Th3s/5dTd4s/Jc/Ah:-80|80:Alice|Bob
STATE:617:rc/rrc/rc/crc:TdQd|Kd6s/Qs5h9s/2h/3c:80|-80:Bob|Alice
STATE:618:f:AhQh|7cQd:5|-5:Alice|Bob
STATE:619:f:2h7c|5hKs:5|-5:Bob|Alice
STATE:620:cc/rc/rc/rc:8hKc|9s8s/Kd5sQd/5d/Th:60|-60:Alice|Bob
STATE:621:rc/rc/cc/cc:9sTd|KdJs/3dQc3h/2h/4h:-30|30:Bob|Alice
STATE:622:crf:2s4c|Jd5c:10|-10:Alice|Bob
STATE:623:rrc/rrrrc/rc/rrc:Js9s|9d6h/8cAc8s/Ad/Ah:0|0:Bob|Alice
STATE:624:cc/cc/rrc/rrrrc:4hKd|7h8s/Ts7d4s/3h/8c:-130|130:Alice|Bob
STATE:625:cc/cc/rc/cc:9h6c|4h7d/As8h3d/Ac/6s:30|-30:Bob|Alice
STATE:626:rrrc/rrc/crc/rrf:AcQd|2s8c/Qs3hKs/Ah/9s:-100|100:Alice|Bob
STATE:627:f:9sAc|3cKh:5|-5:Bob|Alice
STATE:628:crrc/cc/rrrrc/crrf:8d4c|5c8s/9dAs5h/2c/7h:130|-130:Alice|Bob
STATE:629:cc/rrrrc/rf:3hJc|2d5h/Jd2hKd/Qs:50|-50:Bob|Alice
STATE:630:crc/crc/cc/crc:JsTs|QsAd/4d7d6c/Qh/9d:-50|50:Alice|Bob
STATE:631:rc/rc/rf:7s9h|Td8c/3dQh2s/Ah:30|-30:Bob|Alice
STATE:632:cc/rrrc/crc/rf:6d4s|8cTh/Td9c9d/Kd/Ah:60|-60:Alice|Bob
STATE:633:rrrc/rf:8c9c|Ah8s/Jc2h3h:40|-40:Bob|Alice
STATE:634:crrc/cc/rrf:8c6c|9dAs/8h2sJh/Td:-50|50:Alice|Bob
STATE:635:cc/cc/rc/crrrc:4h9c|KcAs/3dKd5s/8d/Js:-90|90:Bob|Alice
STATE:636:crrc/rf:Qc6c|2cTc/AhKdAs:30|-30:Alice|Bob
STATE:637:rrrc/cc/rc/crc:9dJd|Th9c/3hAs4s/Ad/9s:80|-80:Bob|Alice
STATE:638:rrf:Ac3c|7d3s:20|-20:Alice|Bob
STATE:639:rrrc/crc/cc/crrc:5dQh|8c4h/8s7h7c/Jh/2c:-90|90:Bob|Alice
STATE:640:rf:7d8h|AsKs:-10|10:Alice|Bob
STATE:641:crrrc/cc/crrc/rc:AsKd|AhTc/4c5h2s/2d/2c:100|-100:Bob|Alice
STATE:642:crrrc/rc/crc/rc:2sAd|3d6s/5h7h8d/6d/7c:-90|90:Alice|Bob
STATE:643:f:8h2d|Kc8d:5|-5:Bob|Alice
STATE:644:rc/cc/rc/crc:3sJd|3h5d/QsKd8s/4d/2d:60|-60:Alice|Bob
STATE:645:rc/crc/crc/rc:9h8h|4dAd/2hQc5h/5s/7h:70|-70:Bob|Alice
STATE:646:rrc/rc/rc/rc:Kd6h|9d4h/9c7s8h/Qd/8c:-80|80:Alice|Bob
STATE:647:cc/cc/crc/crc:JcTd|3hKd/Jh9dAd/9c/Tc:50|-50:Bob|Alice
STATE:648:rc/crrrrc/rc/cc:KcKd|3c2s/3d6h7c/Jh/8c:80|-80:Alice|Bob
STATE:649:cc/rf:Ah5c|Kc5h/5sQs4s:10|-10:Bob|Alice
STATE:650:crc/cc/rc/cc:9hJs|QhKh/3c2c7d/9d/9c:40|-40:Alice|Bob
STATE:651:crc/rc/rc/crrc:5dQd|4h9h/Ac7hJc/Kh/Qs:90|-90:Bob|Alice
STATE:652:rrrc/rrrf:Jc4c|KdJh/7hKsTc:60|-60:Alice|Bob
STATE:653:cc/crc/crc/cc:Kd8h|Tc5d/Qh6s7h/Js/Qs:40|-40:Bob|Alice
STATE:654:cc/cc/crrc/rc:6sJh|8hQc/9h4s7c/7s/As:-70|70:Alice|Bob
STATE:655:f:As6d|5h2s:5|-5:Bob|Alice
STATE:656:cc/rc/rrc/rc:QhKs|9h5h/6d2d7h/Qc/4s:80|-80:Alice|Bob
STATE:657:crrrc/cc/crc/cc:Ks3c|4h8s/JhKdQd/9s/Th:0|0:Bob|Alice
STATE:658:crc/rrrf:QcQd|8d5s/7sAdTh:40|-40:Alice|Bob
STATE:659:rc/rc/crrc/rc:Kh2d|5d2h/TdAd6c/Jh/3s:90|-90:Bob|Alice
STATE:660:rc/cc/crc/crrf:6sTc|4d9s/Ah2cKh/3s/3c:60|-60:Alice|Bob
STATE:661:f:5h3s|Jc9c:5|-5:Bob|Alice
STATE:662:f:Ac7s|Kd3d:5|-5:Alice|Bob
STATE:663:cc/rc/cc/rc:3c8h|QhJd/9c4d6c/As/Ac:-40|40:Bob|Alice
STATE:664:crc/cc/rc/crrrc:6cAh|8h2d/7hQdQs/2h/3c:-100|100:Alice|Bob
STATE:665:rrc/rrrrf:3s7c|Tc7d/9cKd5c:-60|60:Bob|Alice
STATE:666:rc/cc/rrc/cc:6s8d|7hKd/Td8sQd/Ah/2c:60|-60:Alice|Bob
STATE:667:rrc/crrc/rrc/crc:4s7h|Jh7s/5d2s5c/4c/3d:110|-110:Bob|Alice
STATE:668:crc/cc/rrc/cc:9sQh|3d5d/8h7hAc/6s/Td:60|-60:Alice|Bob
STATE:669:crc/cc/rc/cc:KsQc|Td7s/4s5s3s/8h/Qd:40|-40:Bob|Alice
STATE:670:crrc/crrc/rc/rc:8hQd|4h2c/4sTs7d/7s/Td:90|-90:Alice|Bob
STATE:671:cc/crf:KdAs|Ad3c/2s7s9c:-10|10:Bob|Alice
STATE:672:rrrc/rrrc/cc/crc:9s5s|Qs7d/Qc7s8c/Ts/8s:90|-90:Alice|Bob
STATE:673:rrc/crf:6s4h|Ts9d/2dAc7s:-30|30:Bob|Alice
STATE:674:cc/cc/crc/rc:8c2h|Td8s/4dKd9s/Qh/5s:-50|50:Alice|Bob
STATE:675:cc/rc/cc/cc:8cJd|Qd5d/QhQcAh/3d/9s:-20|20:Bob|Alice
STATE:676:rrrc/crc/rc/rrrc:Jh8c|7hJd/2h9dKd/Ah/2c:0|0:Alice|Bob
STATE:677:rrc/rrf:9s3s|8s5d/5c8d2c:-40|40:Bob|Alice
STATE:678:rrrc/cc/cc/cc:Tc4h|6hAc/Qs3h7s/8h/Jd:-40|40:Alice|Bob
STATE:679:crrrc/rrf:AcTc|Ah2d/8c2h9c:-50|50:Bob|Alice
STATE:680:rc/rf:Kh2s|4s4d/8dAc2c:20|-20:Alice|Bob
STATE:681:rrc/crf:6d4c|Qh7c/3c7hKh:-30|30:Bob|Alice
STATE:682:rc/rrrrf:7c8h|7d2s/9dJhKs:-50|50:Alice|Bob
STATE:683:rrrc/crrc/rc/rrc:2dTc|AhKd/4sJs3d/Ks/4h:-120|120:Bob|Alice
STATE:684:cc/cc/cc/crrrc:3dAh|Kd8h/KsQs4c/4s/8d:-70|70:Alice|Bob
STATE:685:rrf:4s6s|Qc7d:20|-20:Bob|Alice
STATE:686:f:As4h|9s5c:5|-5:Alice|Bob
STATE:687:rc/rf:JhTh|2hQh/6s5h2c:20|-20:Bob|Alice
STATE:688:rc/rrrc/rc/rrc:9h7s|6h6d/7d9dQc/Kh/4s:110|-110:Alice|Bob
STATE:689:crf:Ks8s|Qs4s:10|-10:Bob|Alice
STATE:690:cc/cc/cc/rrc:7dQd|Td9s/6dTs3h/4s/6c:-50|50:Alice|Bob
STATE:691:crrc/rc/rf:2h5h|2d2s/TdJsAh/Jc:40|-40:Bob|Alice
STATE:692:crrc/crrf:Js6d|3h5h/7hKh4c:40|-40:Alice|Bob
STATE:693:cc/cc/cc/cc:6d5c|KsAd/Ts2h6h/5s/7d:10|-10:Bob|Alice
STATE:694:f:2c3c|Qh7h:5|-5:Alice|Bob
STATE:695:rc/rc/rrrc/crc:2c8d|8c8s/8h4d9s/9d/4h:-110|110:Bob|Alice
STATE:696:crrrc/rc/rc/crf:7s5h|2hKs/KdQhJs/4s/Jd:-70|70:Alice|Bob
STATE:697:rc/cc/rc/cc:2h3d|JdKh/Ad5sKs/Ac/4c:40|-40:Bob|Alice
STATE:698:crrc/rrc/crc/cc:5dTs|8c7c/6d2dKs/Js/6c:70|-70:Alice|Bob
STATE:699:cc/cc/cc/crc:5h8s|8hQd/7c4c3c/Jc/2c:0|0:Bob|Alice
STATE:700:cc/rc/crc/cc:6dQh|6cTs/7h3c7s/4h/3s:40|-40:Alice|Bob
STATE:701:rrrc/rrc/rc/cc:9c7c|4sJd/8s8cKd/7h/Ks:-80|80:Bob|Alice
STATE:702:rrrc/rrf:2c7c|5h2h/3dTsAc:-50|50:Alice|Bob
STATE:703:crrc/crrc/cc/cc:7h5d|KhKc/Jh2d8d/9c/7d:-50|50:Bob|Alice
STATE:704:f:3cJh|6h7d:5|-5:Alice|Bob
STATE:705:rf:JdTh|8sAc:-10|10:Bob|Alice
STATE:706:rc/cc/cc/cc:3cAh|5d6h/9s4c8c/Jc/3h:20|-20:Alice|Bob
STATE:707:crrc/rrc/rf:Ah8h|QsAd/7h4dKh/2h:50|-50:Bob|Alice
STATE:708:rrrc/crrrf:Ks3d|TsJd/8s8c6d:-60|60:Alice|Bob
STATE:709:crrc/rc/rc/rc:5d9c|ThAd/Qc6c2s/8s/Ac:-80|80:Bob|Alice
STATE:710:cc/rrrrf:4cTh|Js8d/7s8hQd:-40|40:Alice|Bob
STATE:711:crrc/rrc/cc/rrc:6sJd|6h3d/Kd5dAc/Tc/6d:90|-90:Bob|Alice
STATE:712:rc/crc/cc/crc:Ks5d|8d2h/KhAs4c/8s/Kc:50|-50:Alice|Bob
STATE:713:cc/rf:4hTc|4c5s/Js9sAs:10|-10:Bob|Alice
STATE:714:crc/rrc/crrrc/cc:2d5h|Th9c/8h9dTc/8c/Qd:-100|100:Alice|Bob
STATE:715:crc/rc/rrc/rf:Ad3c|7h8h/4d7sJs/3h/6d:70|-70:Bob|Alice
STATE:716:cc/crrrc/rrf:As4s|Qd3d/7s3cKc/5c:-60|60:Alice|Bob
STATE:717:rrc/rrc/rc/rc:Ad2c|As4d/3hAh9h/Jc/4h:-90|90:Bob|Alice
STATE:718:rrc/rc/rc/cc:4sTd|Qh4h/5c7h6c/7d/6s:-60|60:Alice|Bob
STATE:719:rf:3c7s|8s3s:-10|10:Bob|Alice
STATE:720:rc/crc/crrc/crc:7d2d|As9s/9dThAc/Kc/2h:-90|90:Alice|Bob
STATE:721:cc/cc/crrc/rrrrc:Ad6h|Tc3s/9sTdQd/7d/Jh:-130|130:Bob|Alice
STATE:722:cc/rrc/crf:AcAh|Kc3c/TsKhAd/Jh:-30|30:Alice|Bob
STATE:723:cc/rc/rc/rrc:Td6h|Ts8c/5h8d2c/Ad/9h:-80|80:Bob|Alice
STATE:724:rc/rc/rc/rrc:Ad3h|Kc4d/As5cJh/8h/Js:90|-90:Alice|Bob
STATE:725:crc/rc/cc/rf:8c6c|KsKd/Tc9hJs/7s/Jd:30|-30:Bob|Alice
STATE:726:rrrc/crrc/rrrrc/cc:AhTs|3d8s/3c5h8h/Ad/2h:-140|140:Alice|Bob
STATE:727:cc/rrrf:3c9d|Jc4c/8c9hQh:30|-30:Bob|Alice
STATE:728:rc/rc/crrrc/crc:6d8d|3h9h/2s7dKc/3s/Kh:-110|110:Alice|Bob
STATE:729:cc/rrrc/crc/rc:5d5h|6d2h/4d6h3s/Ad/6s:-80|80:Bob|Alice
STATE:730:rc/crrf:ThAd|QsAh/AcKh3d:30|-30:Alice|Bob
STATE:731:cc/rc/rc/cc:9s2h|Jd9h/Ad5cAc/8c/4d:-40|40:Bob|Alice
STATE:732:rc/crrc/cc/cc:5dKs|Qc5c/Jd8h9h/Qd/3s:-40|40:Alice|Bob
STATE:733:rc/crrc/crc/cc:As4c|5s5h/Tc6cQs/6h/6s:-60|60:Bob|Alice
STATE:734:rrc/rc/rc/rrrrc:Ac5c|9sJh/2dJc5d/7c/Kh:-140|140:Alice|Bob
STATE:735:rrrc/rc/cc/crrrc:JsKh|7dKd/4h2sAc/4d/8s:110|-110:Bob|Alice
STATE:736:rf:3dJd|9h8c:-10|10:Alice|Bob
STATE:737:cc/rc/cc/cc:5h9s|7d8d/4dAdTc/Js/2s:20|-20:Bob|Alice
STATE:738:crrrc/rc/rrc/rc:7sAh|8hJc/6s4c2c/9h/2h:110|-110:Alice|Bob
STATE:739:crc/crc/crc/cc:Ac9c|6s2d/KcKd4c/6d/Ad:50|-50:Bob|Alice
STATE:740:cc/cc/crf:6s5s|KhTd/KsJc4s/9h:-10|10:Alice|Bob
STATE:741:rc/crf:Th6h|3c9h/4dJh4s:-20|20:Bob|Alice
STATE:742:rf:AcQh|Ts7c:-10|10:Alice|Bob
STATE:743:crrc/cc/cc/crrrrc:Ks9d|9hAs/Kc6c5h/Ad/Kd:110|-110:Bob|Alice
STATE:744:crc/rc/cc/cc:8h3c|5dQd/4d3h6h/2s/Ad:-30|30:Alice|Bob
STATE:745:crrc/cc/cc/cc:9d8h|QdKs/Jh6c9s/2d/3s:30|-30:Bob|Alice
STATE:746:rrrc/rf:2c3h|JcKs/KdTdTc:40|-40:Alice|Bob
STATE:747:crrrc/rrc/cc/crc:QcTs|As4h/8d2s2h/Ad/4c:-80|80:Bob|Alice
STATE:748:cc/crrrrc/crrc/cc:As2d|Qs9s/2sThQd/9h/Ks:-90|90:Alice|Bob
STATE:749:rc/rc/rrc/cc:Th8d|7h3d/4cQs5c/Ad/6c:-70|70:Bob|Alice
STATE:750:rc/rc/rc/crc:9cKh|4d8c/6s9h6c/7c/5d:-70|70:Alice|Bob
STATE:751:f:8dQc|QsTh:5|-5:Bob|Alice
STATE:752:rrc/crc/rrc/crf:3s4c|5c9d/As3h3c/2h/4s:-80|80:Alice|Bob
STATE:753:cc/rrc/cc/crc:8cKs|4sQc/6sJh4h/6c/Th:-50|50:Bob|Alice
STATE:754:crc/rc/rc/cc:8d5c|6s6c/TsAhKc/Qs/Qd:-50|50:Alice|Bob
STATE:755:rc/cc/crc/rc:Ah9h|QcTs/Kh3h3s/Kd/2h:60|-60:Bob|Alice
STATE:756:cc/rc/rc/cc:Ts7d|Kd9s/5s8d5h/6s/9d:40|-40:Alice|Bob
STATE:757:rc/rc/rrrrc/cc:5s5c|9h9d/Ad2h4d/Qc/Td:-110|110:Bob|Alice
STATE:758:rc/rrrc/cc/rc:Kh9s|Ac6c/JcQdKs/4h/Ah:-70|70:Alice|Bob
STATE:759:cc/cc/rrrf:Kd9c|Jh8d/Qc9hJc/7c:50|-50:Bob|Alice
STATE:760:rrrf:9c4s|Jh5c:-30|30:Alice|Bob
STATE:761:cc/rc/cc/cc:Td2s|7dAs/9s8s6c/7c/Jd:20|-20:Bob|Alice
STATE:762:crrc/crc/crc/rrrrc:JhTd|TcAh/2s9dAd/4h/Qs:-140|140:Alice|Bob
STATE:763:crc/crrc/crrrrc/rc:Jd8d|9hTd/3h9s5c/7s/9c:-140|140:Bob|Alice
STATE:764:crrrc/rc/cc/cc:ThAc|2d4c/Jh3s5h/6s/Td:-50|50:Alice|Bob
STATE:765:crf:Qh8d|2sJc:10|-10:Bob|Alice
STATE:766:rrrc/rrc/crrrc/cc:Qs6s|9hKs/QhQd7c/9c/3h:120|-120:Alice|Bob
STATE:767:rrrc/cc/cc/cc:Kc2h|4h8d/3sTs4d/Qd/Ah:-40|40:Bob|Alice
STATE:768:crc/crrc/cc/cc:QhAh|2cTd/6s3c4h/Tc/9h:-40|40:Alice|Bob
STATE:769:rf:6d5h|3hQh:-10|10:Bob|Alice
STATE:770:rc/rc/rc/cc:TcAs|Td7c/3d9s5s/Ac/4h:50|-50:Alice|Bob
STATE:771:rc/rc/rc/rrrc:2s7h|Qs8h/3c5hJs/Jd/5d:-110|110:Bob|Alice
STATE:772:rrrc/crrc/cc/rrf:6h5d|As7d/Ah6sKd/Ac/Ks:-80|80:Alice|Bob
STATE:773:rc/rc/rrrrc/cc:3d6h|6d2h/JsAh4h/9d/7d:0|0:Bob|Alice
STATE:774:cc/rrc/crc/rrc:8s6d|3d8c/Ah7hKh/7d/9s:0|0:Alice|Bob
STATE:775:cc/crc/crc/crc:Ks6c|7sJh/Kd4sJs/3c/8h:60|-60:Bob|Alice
STATE:776:crrrf:Ah5d|6s2s:30|-30:Alice|Bob
STATE:777:rc/rrc/rrrrc/cc:7h2h|9cTc/7dKs2d/4c/Jd:120|-120:Bob|Alice
STATE:778:cc/rrrc/rrf:8hKc|2d9s/AdKs8d/3c:-60|60:Alice|Bob
STATE:779:cc/cc/crc/rrc:AhTh|5h2h/8sQh8d/2c/7d:-70|70:Bob|Alice
STATE:780:f:7h8s|6hAs:5|-5:Alice|Bob
STATE:781:crc/rrf:Td5s|7c8c/4cKc7s:-30|30:Bob|Alice
STATE:782:cc/rrrc/crc/cc:2d7c|2hQh/5h6h4h/6c/Jc:-60|60:Alice|Bob
STATE:783:cc/crc/crc/cc:5hTh|3sAh/QdKh9s/Tc/Kc:40|-40:Bob|Alice
STATE:784:cc/rrc/rc/rrf:4h7h|7c3d/Th7sQd/Tc/3h:-70|70:Alice|Bob
STATE:785:rrc/rc/cc/crc:Kc9c|5d6d/8dTs7h/9s/2d:-60|60:Bob|Alice
STATE:786:crrrc/cc/rrrf:QcQh|7dQd/4d2cTc/Kh:80|-80:Alice|Bob
STATE:787:crrrc/crc/cc/rrc:9hJc|5d4c/4d6cKd/8h/Th:-90|90:Bob|Alice
STATE:788:cc/rc/rf:TcTh|Td6c/Ac8s8d/2s:20|-20:Alice|Bob
STATE:789:f:Js3s|5s4d:5|-5:Bob|Alice
STATE:790:rrc/cc/cc/cc:Qs4d|AsAc/6h4c3d/7h/4h:30|-30:Alice|Bob
STATE:791:crc/rc/rrrc/rrc:2c5d|JsQh/Jc9c3d/6d/7s:-130|130:Bob|Alice
STATE:792:cc/crrrrc/crf:9s5s|Jh5h/8cQc7c/7h:-50|50:Alice|Bob
STATE:793:rc/rc/rrc/cc:4sAs|8d5h/7dJdJs/7c/6c:70|-70:Bob|Alice
STATE:794:crrc/cc/cc/rc:9h5h|9dAc/Jc2h4s/3d/3s:-50|50:Alice|Bob
STATE:795:rrc/cc/cc/rc:Kd3s|8sKc/JcKhAd/As/7s:0|0:Bob|Alice
STATE:796:crrrc/cc/cc/crc:Qh2d|Kd7d/9d7h7c/Th/4c:-60|60:Alice|Bob
STATE:797:crc/crc/rrc/crc:Qd7h|2c4d/AcTh3c/9h/2d:-90|90:Bob|Alice
STATE:798:rc/cc/crrrc/rc:6h5s|Jh6d/9c2d5h/Kd/Ah:100|-100:Alice|Bob
STATE:799:f:6dTh|7h6h:5|-5:Bob|Alice
STATE:800:rrc/rc/crrrc/cc:5sAd|5h8d/ThJs7h/8c/6h:-100|100:Alice|Bob
STATE:801:rf:6d6c|8d8c:-10|10:Bob|Alice
STATE:802:rc/crrrc/rrc/rrrrc:Qh3c|Kd8s/As5cJh/6s/Td:-170|170:Alice|Bob
STATE:803:rc/rrc/rrrrc/crrrrc:Tc2s|Ac5c/9d7sAh/6s/6d:-200|200:Bob|Alice
STATE:804:rrc/rrc/cc/rrc:Td7c|QsQh/AsQc7h/2d/3c:-90|90:Alice|Bob
STATE:805:rrc/rc/rc/rf:7h8d|Tc6s/3c5c4d/Td/2c:60|-60:Bob|Alice
STATE:806:cc/rrc/rrf:2c7c|Qc3h/JcKc2h/8d:-50|50:Alice|Bob
STATE:807:rc/cc/rrrc/rrrrc:2sKd|AdJh/5hTh9s/Ac/Jc:-160|160:Bob|Alice
STATE:808:crrc/crc/rf:Qh2c|4sQs/5d9sJc/5h:40|-40:Alice|Bob
STATE:809:cc/rrrrc/rc/rc:Qh8s|3cJh/6d7sTc/Qc/Js:90|-90:Bob|Alice
STATE:810:rrrf:9s5d|2c6h:-30|30:Alice|Bob
STATE:811:rc/rc/rc/crc:5sQs|3h8s/4d6d4h/8d/Th:-70|70:Bob|Alice
STATE:812:crrrc/rrc/crc/cc:Qc8d|JsAs/6cTd7d/8h/5c:80|-80:Alice|Bob
STATE:813:crrc/crc/crc/crc:AsJs|Ah6h/2d3d9h/8h/Qc:80|-80:Bob|Alice
STATE:814:cc/rc/cc/rrc:8c7s|6dQd/7c5cTc/Ts/7h:60|-60:Alice|Bob
STATE:815:rrf:2cAh|3c3d:20|-20:Bob|Alice
STATE:816:crrrc/cc/rc/crrrrc:5c2s|6h4c/2h4dQs/Td/4s:-140|140:Alice|Bob
STATE:817:crrc/crrc/crc/rc:3sJh|Js6s/7h3h5h/6h/Jc:90|-90:Bob|Alice
STATE:818:crrc/rc/crc/cc:Ks8h|8c7s/6sTc5h/Ts/7d:-60|60:Alice|Bob
STATE:819:rc/rrc/cc/cc:Jc8s|AcAh/TcQdKs/8d/6s:-40|40:Bob|Alice
STATE:820:crc/rc/cc/rrc:5dQc|2c6s/TsKhAh/6c/5h:-70|70:Alice|Bob
STATE:821:crrrf:9c7c|6hKs:30|-30:Bob|Alice
STATE:822:f:Kh9s|8d6s:5|-5:Alice|Bob
STATE:823:crrrc/crc/rrrc/cc:3s3h|4cJc/Ts7h3c/8d/Qs:110|-110:Bob|Alice
STATE:824:rrrc/cc/crc/crrc:6hJs|2h3s/8cAdQs/2c/2d:-100|100:Alice|Bob
STATE:825:rf:3d5h|KsKd:-10|10:Bob|Alice
STATE:826:cc/crrrrc/crrc/rc:6d8s|5s7h/4sTsTd/7s/6h:-110|110:Alice|Bob
STATE:827:rc/cc/crc/rrf:4hAs|KdTs/5sJh4c/9s/Ad:-60|60:Bob|Alice
STATE:828:rrrc/crrrc/cc/cc:ThQs|Qd7c/6sAd3s/Ts/Js:70|-70:Alice|Bob
STATE:829:crc/cc/rrrc/crrrrc:AdQh|TsKd/4sJh5s/3d/2d:160|-160:Bob|Alice
STATE:830:rrrc/rrrc/rc/cc:Th7c|Ts6c/5dJcQc/6h/3s:-90|90:Alice|Bob
STATE:831:rrc/rc/rrc/rc:8cAc|8sAd/2c4cTh/7c/Jd:100|-100:Bob|Alice
STATE:832:rc/cc/rrc/rrrc:TsQh|As8h/Ac8d7s/8c/3s:-120|120:Alice|Bob
STATE:833:crc/crc/crc/rf:5d9d|6hQd/7sKh2h/Qh/7h:50|-50:Bob|Alice
STATE:834:crrc/cc/rc/crf:6s7c|QcAh/9cKhQs/3d/6d:-50|50:Alice|Bob
STATE:835:rrc/crrc/rrrc/rc:ThKh|3cJh/5c8cQd/Qh/7c:130|-130:Bob|Alice
STATE:836:f:9c4d|7d9s:5|-5:Alice|Bob
STATE:837:rrrc/rc/rrc/rrc:3d9d|Kh4s/9cJs5c/2d/8s:130|-130:Bob|Alice
STATE:838:rrf:6cTd|Kc9s:20|-20:Alice|Bob
STATE:839:cc/rrrf:7h4d|7sTc/Qh5d9c:30|-30:Bob|Alice
STATE:840:rc/rrrc/crrc/rrrc:KsQs|As4c/7sTdKd/Jd/Kh:150|-150:Alice|Bob
STATE:841:rf:4h2s|As7h:-10|10:Bob|Alice
STATE:842:rc/cc/crc/rrrrf:4dAd|9c6d/7c8s6s/5h/2h:-100|100:Alice|Bob
STATE:843:rc/cc/crrf:3c3s|8s6d/Ad2dKs/Tc:40|-40:Bob|Alice
STATE:844:rrc/rc/rc/rc:5dKh|JhQh/Kc8s3d/5s/Ks:80|-80:Alice|Bob
STATE:845:crc/rc/rc/crrrc:6h3h|QdQh/Kh8d6d/6s/Jd:110|-110:Bob|Alice
STATE:846:rrrc/cc/crrrc/cc:Jh9c|Qs4d/Qh9h8c/2h/4s:-100|100:Alice|Bob
STATE:847:rc/cc/rc/crrrrc:2c9s|Jh5c/QhKh7d/3c/6s:-120|120:Bob|Alice
STATE:848:crrc/rc/cc/rrrf:ThKs|7dAd/7sKc4s/4d/Js:80|-80:Alice|Bob
STATE:849:rrrc/rrc/cc/rc:4hQd|9s9d/Qc6cAc/2h/7s:80|-80:Bob|Alice
STATE:850:crc/crrrrc/crc/cc:JsAs|Kh5s/Tc3s2c/Kc/9c:-80|80:Alice|Bob
STATE:851:crc/rrf:4cKh|Kc7c/9d5d6s:-30|30:Bob|Alice
STATE:852:rrrc/rrc/rrc/crrf:AsTd|Th4h/Kc3d4s/Ac/6c:120|-120:Alice|Bob
STATE:853:cc/rrc/rc/crrrc:Td7h|9h9d/AcAdJs/7s/Kc:-110|110:Bob|Alice
STATE:854:rc/rc/cc/rc:Ad9c|AcQd/4sKdAs/4c/9d:50|-50:Alice|Bob
STATE:855:crc/crc/rrrc/rrc:Ks2d|9s5c/Jd6s2c/Qd/Qs:130|-130:Bob|Alice
STATE:856:cc/crrc/rrrrc/cc:3cAc|Ks9h/ThAh5c/4h/6d:110|-110:Alice|Bob
STATE:857:rrrc/rc/cc/cc:8c5s|KsTs/JhKh7d/5h/9h:-50|50:Bob|Alice
STATE:858:rc/cc/rc/rc:JhQh|6h8s/3d2sAd/4s/5s:-60|60:Alice|Bob
STATE:859:f:5s7h|3c4d:5|-5:Bob|Alice
STATE:860:rc/rrf:Ad8d|QdTd/9h5d6c:-30|30:Alice|Bob
STATE:861:crrc/rc/cc/cc:7s7h|9dQc/JdKsKh/8d/Th:-40|40:Bob|Alice
STATE:862:cc/rrf:Td7d|5sQs/5h3hJc:-20|20:Alice|Bob
STATE:863:rf:7h5d|TdJs:-10|10:Bob|Alice
STATE:864:rrc/cc/rf:Qd8d|2hTs/9h7c4c/3h:30|-30:Alice|Bob
STATE:865:cc/rrc/crc/rrc:QhJh|5h3h/4c8d6s/Jd/9d:90|-90:Bob|Alice
STATE:866:cc/cc/rrrrc/rc:9d9s|5h6d/2s9h7s/Qd/Kc:110|-110:Alice|Bob
STATE:867:crc/rc/rrc/rc:AsQh|Jd7h/9sTh9h/Qc/Tc:90|-90:Bob|Alice
STATE:868:crrc/rc/crc/cc:Ac4h|9h6d/Tc3dAh/4c/Kd:60|-60:Alice|Bob
STATE:869:rc/cc/rc/rc:JhKh|5cJc/QsTs7h/2h/5d:-60|60:Bob|Alice
STATE:870:rrrc/cc/crrc/rrc:4d5h|2hQd/4h2c7s/4s/6s:120|-120:Alice|Bob
STATE:871:rc/crrc/rrc/rc:2d6d|5c3d/7d7c6c/4c/Ks:-100|100:Bob|Alice
STATE:872:rrrc/rc/rc/rf:2d3d|9c5s/9s6s7h/7c/8c:70|-70:Alice|Bob
STATE:873:crc/rc/rf:8d8h|Qh7d/As9c5h/Tc:30|-30:Bob|Alice
STATE:874:rrrc/crc/rrc/rrc:4sKs|4d8h/QdTdTh/9c/Jd:130|-130:Alice|Bob
STATE:875:cc/cc/rrc/cc:7s3c|As3d/AdJsJh/Ks/9c:-50|50:Bob|Alice
STATE:876:rrc/cc/cc/cc:8h5s|6dTh/KhAd8c/5c/Kc:30|-30:Alice|Bob
STATE:877:crrrc/rrrrc/rf:7d7h|QsQh/8h5c9d/Kh:80|-80:Bob|Alice
STATE:878:rc/rc/rc/rf:9cQh|AhTs/7c8s5c/2d/Kd:50|-50:Alice|Bob
STATE:879:cc/crc/rc/cc:8d4d|9cQh/5s2hKd/8h/8s:40|-40:Bob|Alice
STATE:880:cc/crrc/rc/crf:Qs7s|3sKc/7hJd2d/9c/5h:-50|50:Alice|Bob
STATE:881:cc/crrc/rrc/cc:Ac5s|9c2d/8dKd6d/8h/3s:70|-70:Bob|Alice
STATE:882:rc/rc/cc/cc:TsJs|3h4h/Kd9h8c/6h/Qh:-30|30:Alice|Bob
STATE:883:rrrc/rrc/cc/cc:7sQd|Jc7d/2d2cJd/Ah/5d:-60|60:Bob|Alice
STATE:884:rf:3d2d|Kh6d:-10|10:Alice|Bob
STATE:885:cc/cc/rrrrc/rf:6hTc|ThKs/8cJcAd/5s/Td:90|-90:Bob|Alice
STATE:886:rrrc/rrrrc/cc/crc:Td6c|7dKs/JhAh5c/Jd/4h:-100|100:Alice|Bob
STATE:887:crc/rrrrc/cc/rc:2s7c|JhJs/As4h9s/Qh/Qd:-80|80:Bob|Alice
STATE:888:rf:As5s|6dJc:-10|10:Alice|Bob
STATE:889:cc/rrrc/rc/rrf:Kh5c|9cJd/8d2s2c/Qs/Jc:-80|80:Bob|Alice
STATE:890:crc/crc/crrc/cc:9h8d|7c4d/5hQh2d/Ac/3h:-70|70:Alice|Bob
STATE:891:cc/cc/crc/cc:2cJc|Ks9s/2h7sAs/6s/3c:-30|30:Bob|Alice
STATE:892:crrc/rc/crrc/rrrc:7h8c|Ad6c/6dKhJh/3c/Qd:-140|140:Alice|Bob
STATE:893:cc/cc/rc/cc:Jh2c|Tc9c/Qd5sKc/3d/Ah:30|-30:Bob|Alice
STATE:894:cc/crrrrc/rc/rrc:8d9c|6c7s/4c9h5d/7d/7h:-110|110:Alice|Bob
STATE:895:cc/rc/crrf:4s2d|4hKc/Jd9d8h/Ac:40|-40:Bob|Alice
STATE:896:rc/cc/rf:Jc5c|5sAd/Ts4h6s/5h:20|-20:Alice|Bob
STATE:897:rrrc/cc/rrrrc/crc:Ts3c|6s6h/Jh5c4s/2c/7d:-140|140:Bob|Alice
STATE:898:rc/rc/rrrc/crrrrc:9c5d|Td5s/3h9hKd/8c/Jd:170|-170:Alice|Bob
STATE:899:crc/cc/cc/rrc:KdTd|7cTc/9sQs5d/4d/6c:60|-60:Bob|Alice
STATE:900:rrc/crc/cc/cc:5h3h|6c5d/QhAd2h/5c/9c:0|0:Alice|Bob
STATE:901:cc/rrrrf:JdQc|Jc7c/3h8c4c:-40|40:Bob|Alice
STATE:902:rrc/rrrrc/rc/rc:Ah4s|Ks4d/2s5cJc/8h/Ad:110|-110:Alice|Bob
STATE:903:rc/rc/rc/rrrrc:Ad6c|Kc2c/2d7hJd/8c/2h:-130|130:Bob|Alice
STATE:904:cc/rrf:8dQh|JhTd/8cQdAd:-20|20:Alice|Bob
STATE:905:crf:3s4s|3d2c:10|-10:Bob|Alice
STATE:906:rc/cc/rrc/crrc:Kd4c|8cJc/3sAhQc/9d/7d:100|-100:Alice|Bob
STATE:907:crrc/rrrc/rc/rc:Ks5h|8s5s/TcKdKc/Qs/Jc:100|-100:Bob|Alice
STATE:908:crf:8d3s|2s6c:10|-10:Alice|Bob
STATE:909:rc/rrrrc/crrc/cc:9hAs|5d9d/6d7d7s/Td/2c:-100|100:Bob|Alice
STATE:910:rc/cc/rc/rrc:Kd4s|4dJc/7d3h8h/2d/5s:80|-80:Alice|Bob
STATE:911:crrc/rc/crc/rc:9s8d|3h2d/Ad7sJs/4s/4d:80|-80:Bob|Alice
STATE:912:f:8cTc|4cJc:5|-5:Alice|Bob
STATE:913:cc/cc/cc/rrrc:ThAd|4sQs/JsQh5h/Kd/9s:70|-70:Bob|Alice
STATE:914:crf:3hKd|3sKh:10|-10:Alice|Bob
STATE:915:crc/rf:AdTc|Th9c/Ks3h6h:20|-20:Bob|Alice
STATE:916:crrc/rrrc/rc/rc:Qs6h|4s2h/QdAc6s/3c/2s:100|-100:Alice|Bob
STATE:917:crrc/rrc/crc/rrrrc:4s9c|2c2d/KdQd4c/Tc/7c:150|-150:Bob|Alice
STATE:918:cc/cc/crc/rc:6c4c|Tc7d/AsQd3d/9c/5h:-50|50:Alice|Bob
STATE:919:cc/rrrrc/rc/rrc:TdQd|9h2h/Qh2cAd/9c/Jh:-110|110:Bob|Alice
STATE:920:f:7d8s|Jd6h:5|-5:Alice|Bob
STATE:921:rrrc/rrc/crrc/rc:Jh5d|AcAs/8sKdKc/Jc/Qd:-120|120:Bob|Alice
STATE:922:cc/crrc/cc/cc:2sKh|8c7d/9c2hJc/4h/Td:-30|30:Alice|Bob
STATE:923:cc/rc/rrrrc/crrc:2hKd|Ac7d/4d7sQh/8h/2d:-140|140:Bob|Alice
STATE:924:rc/crc/rc/rc:9hAs|7c2h/3d4dTh/9d/3s:70|-70:Alice|Bob
STATE:925:crc/rc/cc/rrrrc:QsAs|7d4h/6hKdQh/5c/Th:110|-110:Bob|Alice
STATE:926:rc/crc/cc/rf:5hKc|2hTd/4sJd2d/8s/Kh:30|-30:Alice|Bob
STATE:927:cc/rc/rrc/rc:6c9d|3s7c/Js6hQd/7s/2c:-80|80:Bob|Alice
STATE:928:rc/rf:7h6s|Qs2c/3dJs6d:20|-20:Alice|Bob
STATE:929:rf:5dTs|8s5c:-10|10:Bob|Alice
STATE:930:crrc/crrc/cc/rrc:6c4s|Qs2h/9dJdKc/2c/7s:-90|90:Alice|Bob
STATE:931:crrc/cc/rc/crrc:ThTc|2d3s/8h5dQc/Qd/Qs:90|-90:Bob|Alice
STATE:932:rc/cc/rc/rc:2dJh|7h5d/4d3dQc/5c/Ad:60|-60:Alice|Bob
STATE:933:rrc/rrc/rrc/cc:TsJh|4c5d/8cKcQc/7s/As:90|-90:Bob|Alice
STATE:934:crrc/rrc/rc/crc:AcTc|Kh5c/9d7c8s/3s/4h:90|-90:Alice|Bob
STATE:935:crrrc/rc/crrc/cc:5h2h|Ad9s/3sTc7c/3h/7h:-90|90:Bob|Alice
STATE:936:cc/cc/cc/cc:KsTd|4d6h/JcTs9c/2d/3d:10|-10:Alice|Bob
STATE:937:crc/rrc/cc/rrc:8h6d|3d7c/KsJc6s/2s/Ad:80|-80:Bob|Alice
STATE:938:rc/crc/cc/rc:2cAd|3dKc/6d4d7c/9s/Ks:-50|50:Alice|Bob
STATE:939:rrc/crrrrc/rc/rrc:QhKh|Ad3h/2c6h8c/7s/Qd:130|-130:Bob|Alice
STATE:940:rrc/rc/cc/rc:JdQd|3hTs/8h6c7h/9c/Qc:-60|60:Alice|Bob
STATE:941:cc/rrrc/rrrc/cc:8s2h|KsJh/8d7c3d/6d/2s:100|-100:Bob|Alice
STATE:942:rc/rc/rc/rc:Kd5s|As7h/TsTd8c/Qh/7c:-70|70:Alice|Bob
STATE:943:crc/cc/cc/rc:3h4h|AdJd/6d7d8c/3c/4d:-40|40:Bob|Alice
STATE:944:crc/cc/rrc/rc:Jd6c|Qd8d/Jh3c2h/Ah/8s:80|-80:Alice|Bob
STATE:945:f:Kd2s|Js7c:5|-5:Bob|Alice
STATE:946:rrf:2c5h|Ad7c:20|-20:Alice|Bob
STATE:947:rf:8cTd|6sKc:-10|10:Bob|Alice
STATE:948:crc/crc/rrrrc/rf:8hQd|4sKs/5h6sTs/2h/Jd:110|-110:Alice|Bob
STATE:949:cc/rf:KdTs|4s7h/QcAcKc:10|-10:Bob|Alice
STATE:950:rrrc/cc/rc/cc:5h9s|Th6d/5c6h8s/9c/Kd:60|-60:Alice|Bob
STATE:951:cc/rc/crf:7h4s|Jh8h/Td9h2s/Kd:-20|20:Bob|Alice
STATE:952:rc/crrrrc/cc/crc:Qc9c|Kc6s/4c7hAh/7c/4s:0|0:Alice|Bob
STATE:953:rc/rf:Qd8h|6cJh/2sAsJs:20|-20:Bob|Alice
STATE:954:rrc/cc/rrc/rrc:6s8s|Jd9h/5d5hTc/Td/7s:-110|110:Alice|Bob
STATE:955:rf:6sAd|4h8h:-10|10:Bob|Alice
STATE:956:cc/crrf:9c4d|Qs5h/As9sKs:20|-20:Alice|Bob
STATE:957:crrrf:Kh9s|2h5c:30|-30:Bob|Alice
STATE:958:crrc/crc/rf:Kd3h|TcKs/JcAc6s/Kc:40|-40:Alice|Bob
STATE:959:rc/cc/rrrc/rrrrc:8h6s|Ks5h/4c3hKd/3c/6h:-160|160:Bob|Alice
STATE:960:rrc/cc/rrrc/crrc:2c7d|8d3d/9s7hQc/6s/2d:130|-130:Alice|Bob
STATE:961:f:9hAs|5d6c:5|-5:Bob|Alice
STATE:962:cc/rrrrc/cc/rc:Js3c|5cKs/6h3dKd/Ah/2d:-70|70:Alice|Bob
STATE:963:rc/cc/rrc/cc:9sJc|5d8h/6d4h4c/Kd/3s:60|-60:Bob|Alice
STATE:964:f:9s4c|7h6h:5|-5:Alice|Bob
STATE:965:crrrc/cc/rrc/rc:3sAh|QhKs/6s2sQc/Qd/Jh:-100|100:Bob|Alice
STATE:966:crc/cc/crrrc/rc:3d7d|7h6s/4s2cJs/Ad/Qd:-100|100:Alice|Bob
STATE:967:crrrc/rrc/rrf:9d7c|Qc5d/3dJcJs/8h:-80|80:Bob|Alice
STATE:968:crrrc/rc/cc/rc:Tc2h|AhJs/9d9cJh/7d/2c:-70|70:Alice|Bob
STATE:969:crc/rrc/rc/crc:KcAh|3h5d/Kh7d3d/6c/Jd:80|-80:Bob|Alice
STATE:970:cc/cc/crc/rrrrc:4c4s|KdAs/AdThTc/9h/Jh:-110|110:Alice|Bob
STATE:971:rc/crc/rrf:KcJh|9c9s/AdTd8h/3h:-50|50:Bob|Alice
STATE:972:rrrf:3c9d|Tc2s:-30|30:Alice|Bob
STATE:973:cc/rrrc/cc/rrrc:9s9c|Ks9h/Ac4cQh/Ts/4h:100|-100:Bob|Alice
STATE:974:rrrc/rc/cc/cc:Tc7h|As3c/5dQc3s/2c/5h:-50|50:Alice|Bob
STATE:975:crc/cc/crf:Qd9d|Ts3h/6d8hJh/Qh:-20|20:Bob|Alice
STATE:976:cc/crc/crrc/cc:9h8d|6c2s/8s2d7c/5s/6s:60|-60:Alice|Bob
STATE:977:crrc/rrc/crc/cc:Qs8c|6d5c/Ts7h5h/4h/Ac:-70|70:Bob|Alice
STATE:978:rc/rrc/cc/cc:3s5s|8s2s/Kd6sTc/7s/6d:-40|40:Alice|Bob
STATE:979:rc/cc/cc/rrrrc:Jh6d|KdAs/TsJc4s/3h/Ad:-100|100:Bob|Alice
STATE:980:rrc/cc/crc/rc:Qc3s|2c6d/Jc7s7d/Tc/Ts:70|-70:Alice|Bob
STATE:981:f:Td4s|5d6h:5|-5:Bob|Alice
STATE:982:rrc/rrrrc/cc/rc:3d4s|2h7s/Jc6s3h/6c/7d:-90|90:Alice|Bob
STATE:983:crrrf:2s4c|3c2c:30|-30:Bob|Alice
STATE:984:rc/rrc/cc/rrrrf:3dKh|9s7s/2dQs9d/8d/Jh:-100|100:Alice|Bob
STATE:985:rrf:8d9c|5hKs:20|-20:Bob|Alice
STATE:986:rrrc/rrrc/cc/rrrc:6sAd|4c9s/As8h5c/7c/6h:-130|130:Alice|Bob
STATE:987:cc/rc/cc/rrc:QcTs|6cKs/AhKcTh/9s/9c:-60|60:Bob|Alice
STATE:988:rc/crc/cc/cc:3s4d|8s5d/7h7s3d/6c/5s:30|-30:Alice|Bob
STATE:989:rrf:QsKc|8c2c:20|-20:Bob|Alice
STATE:990:crc/rrc/crc/rc:3s5d|Td2s/4d5c4s/Kd/2c:80|-80:Alice|Bob
STATE:991:crrc/rrc/rc/crrc:7d5s|Kh9c/As3hTs/Jh/Js:-110|110:Bob|Alice
STATE:992:cc/crc/cc/rc:Kh6h|As2h/Qd2c2d/7d/3d:-40|40:Alice|Bob
STATE:993:crc/rrc/rrrc/cc:8c7d|QcKc/Ac6hTd/9h/3d:100|-100:Bob|Alice
STATE:994:rrc/cc/rc/cc:6s9d|4dQd/3hAh5d/4s/6h:50|-50:Alice|Bob
STATE:995:rc/rc/crc/rf:6c2d|9cKs/4dKc7d/Td/Ah:50|-50:Bob|Alice
STATE:996:rrrc/cc/crc/rrrrc:9h7h|3d8s/JcAc5c/Ah/Ks:140|-140:Alice|Bob
STATE:997:crc/cc/rc/rf:5s9c|8dJh/TdQc9d/Jd/9h:40|-40:Bob|Alice
STATE:998:cc/crrc/rc/rc:Kc6h|Qc3s/QhAh8d/Th/9d:-70|70:Alice|Bob
STATE:999:cc/cc/crrc/cc:Jc8d|TdQd/As6d6h/7h/4s:-50|50:Bob|Alice
SCORE:620|-620:Alice|Bob
